#
# A fatal error has been detected by the Java Runtime Environment:
#
#  EXCEPTION_ACCESS_VIOLATION (0xc0000005) at pc=0x0000000069a213f0, pid=3912, tid=0x00000000000008f0
#
# JRE version: Java(TM) SE Runtime Environment (8.0_101-b13) (build 1.8.0_101-b13)
# Java VM: Java HotSpot(TM) 64-Bit Server VM (25.101-b13 mixed mode windows-amd64 compressed oops)
# Problematic frame:
# V  [jvm.dll+0x4a13f0]
#
# Failed to write core dump. Minidumps are not enabled by default on client versions of Windows
#
# If you would like to submit a bug report, please visit:
#   http://bugreport.java.com/bugreport/crash.jsp
#

---------------  T H R E A D  ---------------

Current thread (0x00000000151a4000):  JavaThread "C2 CompilerThread1" daemon [_thread_in_native, id=2288, stack(0x0000000016a20000,0x0000000016b20000)]

siginfo: ExceptionCode=0xc0000005, writing address 0x0000000000000000

Registers:
RAX=0x0000000000000000, RBX=0x000000001c131fb0, RCX=0x0000000016b1c500, RDX=0x0000000000022000
RSP=0x0000000016b1c468, RBP=0x00000000000010ad, RSI=0x0000000016b1c820, RDI=0x000000000000127f
R8 =0x0000000000002000, R9 =0x000000001a695d20, R10=0x0000000069580000, R11=0x000000001c22acf0
R12=0x0000000069d9ae10, R13=0x000000001c307c00, R14=0x000000000012f680, R15=0x0000000069580000
RIP=0x0000000069a213f0, EFLAGS=0x0000000000010246

Top of Stack: (sp=0x0000000016b1c468)
0x0000000016b1c468:   00000000699e9d3f 0000000016b1c840
0x0000000016b1c478:   000000001c12cfb0 00000000000010ad
0x0000000016b1c488:   0000000016b1c820 00002b6600000000
0x0000000016b1c498:   0000000000000008 000000001b53bda0
0x0000000016b1c4a8:   0000000000000035 000000001747aa10
0x0000000016b1c4b8:   0000000000000035 000000001c22a750
0x0000000016b1c4c8:   000034b400000000 0000000000000008
0x0000000016b1c4d8:   000000001a159580 0000000000000035
0x0000000016b1c4e8:   00000000182c5090 0000000000000035
0x0000000016b1c4f8:   000000001c11fc70 0000128400000000
0x0000000016b1c508:   0000000000000004 000000001b70aee0
0x0000000016b1c518:   0000000000000013 000000001a760c20
0x0000000016b1c528:   0000000000000035 0000000016b1c840
0x0000000016b1c538:   00000000699e5128 000000001bdf8f48
0x0000000016b1c548:   0000000016b1c820 00000000000010ad
0x0000000016b1c558:   000000001c22a750 0000000000002b58 

Instructions: (pc=0x0000000069a213f0)
0x0000000069a213d0:   bb 90 00 00 00 72 e9 48 8b 5c 24 40 48 83 c4 20
0x0000000069a213e0:   5f c3 cc cc cc cc cc cc cc cc cc cc cc cc cc cc
0x0000000069a213f0:   40 57 48 83 ec 20 48 63 51 08 48 8b f9 83 fa 08
0x0000000069a21400:   73 22 48 8b 41 10 48 8d 0c 90 66 0f 1f 44 00 00 


Register to memory mapping:

RAX=0x0000000000000000 is an unknown value
RBX=0x000000001c131fb0 is an unknown value
RCX=0x0000000016b1c500 is pointing into the stack for thread: 0x00000000151a4000
RDX=0x0000000000022000 is an unknown value
RSP=0x0000000016b1c468 is pointing into the stack for thread: 0x00000000151a4000
RBP=0x00000000000010ad is an unknown value
RSI=0x0000000016b1c820 is pointing into the stack for thread: 0x00000000151a4000
RDI=0x000000000000127f is an unknown value
R8 =0x0000000000002000 is an unknown value
R9 =0x000000001a695d20 is an unknown value
R10=0x0000000069580000 is an unknown value
R11=0x000000001c22acf0 is an unknown value
R12=0x0000000069d9ae10 is an unknown value
R13=0x000000001c307c00 is an unknown value
R14=0x000000000012f680 is an unknown value
R15=0x0000000069580000 is an unknown value


Stack: [0x0000000016a20000,0x0000000016b20000],  sp=0x0000000016b1c468,  free space=1009k
Native frames: (J=compiled Java code, j=interpreted, Vv=VM code, C=native code)
V  [jvm.dll+0x4a13f0]
V  [jvm.dll+0x469d3f]
V  [jvm.dll+0x46b808]
V  [jvm.dll+0x46b9f6]
V  [jvm.dll+0x469584]
V  [jvm.dll+0x4685f4]
V  [jvm.dll+0x473aab]
V  [jvm.dll+0x476378]
V  [jvm.dll+0x458d82]
V  [jvm.dll+0xa57c2]
V  [jvm.dll+0xa60ff]
V  [jvm.dll+0x2451a4]
V  [jvm.dll+0x29c18a]
C  [msvcr100.dll+0x21d9f]
C  [msvcr100.dll+0x21e3b]
C  [KERNEL32.DLL+0x16ad]
C  [ntdll.dll+0x74629]


Current CompileTask:
C2:   4165 1468       4       java.net.URLClassLoader$1::run (5 bytes)


---------------  P R O C E S S  ---------------

Java Threads: ( => current thread )
  0x0000000018009800 JavaThread "Stdin handler" [_thread_blocked, id=3812, stack(0x00000000199d0000,0x0000000019ad0000)]
  0x0000000018008800 JavaThread "Asynchronous log dispatcher for org.gradle.launcher.daemon.server.DefaultDaemonConnection@10deede0" [_thread_blocked, id=4812, stack(0x00000000198d0000,0x00000000199d0000)]
  0x0000000017ed7000 JavaThread "Daemon worker" [_thread_in_native, id=5444, stack(0x00000000197d0000,0x00000000198d0000)]
  0x0000000017ec1800 JavaThread "Cancel handler" [_thread_blocked, id=432, stack(0x00000000196d0000,0x00000000197d0000)]
  0x0000000017c33000 JavaThread "Handler for socket connection from /127.0.0.1:53775 to /127.0.0.1:53776" [_thread_in_native, id=1416, stack(0x00000000195d0000,0x00000000196d0000)]
  0x0000000017c39000 JavaThread "Daemon" [_thread_blocked, id=5612, stack(0x00000000194d0000,0x00000000195d0000)]
  0x0000000017fe6800 JavaThread "Incoming local TCP Connector on port 53775" [_thread_in_native, id=6048, stack(0x0000000018dd0000,0x0000000018ed0000)]
  0x0000000017aab000 JavaThread "pool-1-thread-1" [_thread_blocked, id=356, stack(0x0000000018cd0000,0x0000000018dd0000)]
  0x0000000016c54000 JavaThread "Service Thread" daemon [_thread_blocked, id=4868, stack(0x0000000017020000,0x0000000017120000)]
  0x00000000151b3800 JavaThread "C1 CompilerThread2" daemon [_thread_blocked, id=832, stack(0x0000000016b20000,0x0000000016c20000)]
=>0x00000000151a4000 JavaThread "C2 CompilerThread1" daemon [_thread_in_native, id=2288, stack(0x0000000016a20000,0x0000000016b20000)]
  0x00000000151a0800 JavaThread "C2 CompilerThread0" daemon [_thread_in_native, id=2864, stack(0x0000000016920000,0x0000000016a20000)]
  0x000000001519f800 JavaThread "Attach Listener" daemon [_thread_blocked, id=3592, stack(0x0000000016820000,0x0000000016920000)]
  0x000000001519c800 JavaThread "Signal Dispatcher" daemon [_thread_blocked, id=3484, stack(0x0000000016720000,0x0000000016820000)]
  0x000000001518a800 JavaThread "Finalizer" daemon [_thread_blocked, id=3580, stack(0x00000000163f0000,0x00000000164f0000)]
  0x0000000002ac0000 JavaThread "Reference Handler" daemon [_thread_blocked, id=1176, stack(0x00000000162f0000,0x00000000163f0000)]
  0x00000000010ce000 JavaThread "main" [_thread_blocked, id=4852, stack(0x0000000002850000,0x0000000002950000)]

Other Threads:
  0x0000000015167800 VMThread [stack: 0x00000000161f0000,0x00000000162f0000] [id=4560]
  0x0000000016c7f000 WatcherThread [stack: 0x0000000017120000,0x0000000017220000] [id=1732]

VM state:not at safepoint (normal execution)

VM Mutex/Monitor currently owned by a thread: None

Heap:
 PSYoungGen      total 38400K, used 37707K [0x00000000eab00000, 0x00000000ed580000, 0x0000000100000000)
  eden space 33280K, 97% used [0x00000000eab00000,0x00000000ecad68d0,0x00000000ecb80000)
  from space 5120K, 99% used [0x00000000ed080000,0x00000000ed57c590,0x00000000ed580000)
  to   space 5120K, 0% used [0x00000000ecb80000,0x00000000ecb80000,0x00000000ed080000)
 ParOldGen       total 87552K, used 712K [0x00000000c0000000, 0x00000000c5580000, 0x00000000eab00000)
  object space 87552K, 0% used [0x00000000c0000000,0x00000000c00b2270,0x00000000c5580000)
 Metaspace       used 18385K, capacity 18700K, committed 19072K, reserved 1064960K
  class space    used 2516K, capacity 2614K, committed 2688K, reserved 1048576K

Card table byte_map: [0x0000000011e90000,0x00000000120a0000] byte_map_base: 0x0000000011890000

Marking Bits: (ParMarkBitMap*) 0x0000000069d9a6d0
 Begin Bits: [0x0000000012600000, 0x0000000013600000)
 End Bits:   [0x0000000013600000, 0x0000000014600000)

Polling page: 0x0000000001060000

CodeCache: size=245760Kb used=5263Kb max_used=5304Kb free=240496Kb
 bounds [0x0000000002ad0000, 0x0000000003010000, 0x0000000011ad0000]
 total_blobs=1937 nmethods=1553 adapters=296
 compilation: enabled

Compilation events (10 events):
Event: 3.803 Thread 0x00000000151b3800 1549       3       org.objectweb.asm.ClassReader::readUnsignedShort (26 bytes)
Event: 3.803 Thread 0x00000000151b3800 nmethod 1549 0x0000000002fd06d0 code [0x0000000002fd0820, 0x0000000002fd09d0]
Event: 3.803 Thread 0x00000000151b3800 1550       3       java.util.regex.Pattern$BnM::optimize (179 bytes)
Event: 3.804 Thread 0x00000000151b3800 nmethod 1550 0x0000000002fd0ad0 code [0x0000000002fd0ce0, 0x0000000002fd18e8]
Event: 3.804 Thread 0x00000000151b3800 1551       3       java.util.regex.Pattern::RemoveQEQuoting (346 bytes)
Event: 3.805 Thread 0x00000000151b3800 nmethod 1551 0x0000000002fd1e90 code [0x0000000002fd20e0, 0x0000000002fd31d8]
Event: 3.806 Thread 0x00000000151b3800 1552       2       java.lang.String::equals (81 bytes)
Event: 3.806 Thread 0x00000000151b3800 nmethod 1552 0x0000000002fd3b10 code [0x0000000002fd3c80, 0x0000000002fd3f50]
Event: 3.861 Thread 0x00000000151b3800 1553       3       java.util.concurrent.locks.AbstractQueuedSynchronizer::isOnSyncQueue (33 bytes)
Event: 3.861 Thread 0x00000000151b3800 nmethod 1553 0x0000000002fd4110 code [0x0000000002fd4280, 0x0000000002fd4610]

GC Heap History (4 events):
Event: 0.911 GC heap before
{Heap before GC invocations=1 (full 0):
 PSYoungGen      total 38400K, used 33280K [0x00000000eab00000, 0x00000000ed580000, 0x0000000100000000)
  eden space 33280K, 100% used [0x00000000eab00000,0x00000000ecb80000,0x00000000ecb80000)
  from space 5120K, 0% used [0x00000000ed080000,0x00000000ed080000,0x00000000ed580000)
  to   space 5120K, 0% used [0x00000000ecb80000,0x00000000ecb80000,0x00000000ed080000)
 ParOldGen       total 87552K, used 0K [0x00000000c0000000, 0x00000000c5580000, 0x00000000eab00000)
  object space 87552K, 0% used [0x00000000c0000000,0x00000000c0000000,0x00000000c5580000)
 Metaspace       used 5873K, capacity 6320K, committed 6528K, reserved 1056768K
  class space    used 760K, capacity 832K, committed 896K, reserved 1048576K
Event: 0.917 GC heap after
Heap after GC invocations=1 (full 0):
 PSYoungGen      total 38400K, used 4061K [0x00000000eab00000, 0x00000000ed580000, 0x0000000100000000)
  eden space 33280K, 0% used [0x00000000eab00000,0x00000000eab00000,0x00000000ecb80000)
  from space 5120K, 79% used [0x00000000ecb80000,0x00000000ecf776e8,0x00000000ed080000)
  to   space 5120K, 0% used [0x00000000ed080000,0x00000000ed080000,0x00000000ed580000)
 ParOldGen       total 87552K, used 8K [0x00000000c0000000, 0x00000000c5580000, 0x00000000eab00000)
  object space 87552K, 0% used [0x00000000c0000000,0x00000000c0002000,0x00000000c5580000)
 Metaspace       used 5873K, capacity 6320K, committed 6528K, reserved 1056768K
  class space    used 760K, capacity 832K, committed 896K, reserved 1048576K
}
Event: 2.347 GC heap before
{Heap before GC invocations=2 (full 0):
 PSYoungGen      total 38400K, used 37341K [0x00000000eab00000, 0x00000000ed580000, 0x0000000100000000)
  eden space 33280K, 100% used [0x00000000eab00000,0x00000000ecb80000,0x00000000ecb80000)
  from space 5120K, 79% used [0x00000000ecb80000,0x00000000ecf776e8,0x00000000ed080000)
  to   space 5120K, 0% used [0x00000000ed080000,0x00000000ed080000,0x00000000ed580000)
 ParOldGen       total 87552K, used 8K [0x00000000c0000000, 0x00000000c5580000, 0x00000000eab00000)
  object space 87552K, 0% used [0x00000000c0000000,0x00000000c0002000,0x00000000c5580000)
 Metaspace       used 12316K, capacity 12628K, committed 12928K, reserved 1060864K
  class space    used 1689K, capacity 1810K, committed 1920K, reserved 1048576K
Event: 2.353 GC heap after
Heap after GC invocations=2 (full 0):
 PSYoungGen      total 38400K, used 5105K [0x00000000eab00000, 0x00000000ed580000, 0x0000000100000000)
  eden space 33280K, 0% used [0x00000000eab00000,0x00000000eab00000,0x00000000ecb80000)
  from space 5120K, 99% used [0x00000000ed080000,0x00000000ed57c590,0x00000000ed580000)
  to   space 5120K, 0% used [0x00000000ecb80000,0x00000000ecb80000,0x00000000ed080000)
 ParOldGen       total 87552K, used 712K [0x00000000c0000000, 0x00000000c5580000, 0x00000000eab00000)
  object space 87552K, 0% used [0x00000000c0000000,0x00000000c00b2270,0x00000000c5580000)
 Metaspace       used 12316K, capacity 12628K, committed 12928K, reserved 1060864K
  class space    used 1689K, capacity 1810K, committed 1920K, reserved 1048576K
}

Deoptimization events (10 events):
Event: 3.524 Thread 0x0000000017ed7000 Uncommon trap: reason=class_check action=maybe_recompile pc=0x0000000002f6c934 method=org.gradle.internal.service.DefaultServiceRegistry$SingletonService.getService(Lorg/gradle/internal/service/DefaultServiceRegistry$LookupContext;Lorg/gradle/internal/servýhÂI@0@
Event: 3.524 Thread 0x0000000017ed7000 Uncommon trap: reason=class_check action=maybe_recompile pc=0x0000000002f6c934 method=org.gradle.internal.service.DefaultServiceRegistry$SingletonService.getService(Lorg/gradle/internal/service/DefaultServiceRegistry$LookupContext;Lorg/gradle/internal/servð@=G0@
Event: 3.524 Thread 0x0000000017ed7000 Uncommon trap: reason=class_check action=maybe_recompile pc=0x0000000002f6c934 method=org.gradle.internal.service.DefaultServiceRegistry$SingletonService.getService(Lorg/gradle/internal/service/DefaultServiceRegistry$LookupContext;Lorg/gradle/internal/servÿ‹ØL0@
Event: 3.524 Thread 0x0000000017ed7000 Uncommon trap: reason=class_check action=maybe_recompile pc=0x0000000002f6c934 method=org.gradle.internal.service.DefaultServiceRegistry$SingletonService.getService(Lorg/gradle/internal/service/DefaultServiceRegistry$LookupContext;Lorg/gradle/internal/servZ1(ªD@
Event: 3.629 Thread 0x0000000017ed7000 Uncommon trap: reason=unstable_if action=reinterpret pc=0x0000000002d5ded4 method=java.lang.AbstractStringBuilder.append(Ljava/lang/String;)Ljava/lang/AbstractStringBuilder; @ 1
Event: 3.629 Thread 0x0000000017ed7000 Uncommon trap: reason=unstable_if action=reinterpret pc=0x0000000002cfc5f0 method=java.lang.AbstractStringBuilder.append(Ljava/lang/String;)Ljava/lang/AbstractStringBuilder; @ 1
Event: 3.803 Thread 0x0000000017ed7000 Uncommon trap: reason=class_check action=maybe_recompile pc=0x0000000002c7fa28 method=java.lang.String.equals(Ljava/lang/Object;)Z @ 8
Event: 3.803 Thread 0x0000000017ed7000 Uncommon trap: reason=class_check action=maybe_recompile pc=0x0000000002c7fa28 method=java.lang.String.equals(Ljava/lang/Object;)Z @ 8
Event: 3.803 Thread 0x0000000017ed7000 Uncommon trap: reason=class_check action=maybe_recompile pc=0x0000000002c7fa28 method=java.lang.String.equals(Ljava/lang/Object;)Z @ 8
Event: 3.803 Thread 0x0000000017ed7000 Uncommon trap: reason=class_check action=maybe_recompile pc=0x0000000002c7fa28 method=java.lang.String.equals(Ljava/lang/Object;)Z @ 8

Internal exceptions (10 events):
Event: 3.372 Thread 0x0000000017ed7000 Exception <a 'java/lang/ClassNotFoundException': org/gradle/api/internal/plugins/DefaultExtraPropertiesExtensionBeanInfo> (0x00000000eb989f18) thrown at [C:\re\workspace\8-2-build-windows-amd64-cygwin\jdk8u101\7261\hotspot\src\share\vm\classfile\systemDictõÅàŒ2û
@
Event: 3.373 Thread 0x0000000017ed7000 Exception <a 'java/lang/ClassNotFoundException': groovy/lang/GroovyObjectSupportBeanInfo> (0x00000000eb995d50) thrown at [C:\re\workspace\8-2-build-windows-amd64-cygwin\jdk8u101\7261\hotspot\src\share\vm\classfile\systemDictionary.cpp, line 210]
Event: 3.373 Thread 0x0000000017ed7000 Exception <a 'java/lang/ClassNotFoundException': groovy/lang/GroovyObjectSupportCustomizer> (0x00000000eb9a1f10) thrown at [C:\re\workspace\8-2-build-windows-amd64-cygwin\jdk8u101\7261\hotspot\src\share\vm\classfile\systemDictionary.cpp, line 210]
Event: 3.373 Thread 0x0000000017ed7000 Exception <a 'java/lang/ClassNotFoundException': org/gradle/api/internal/plugins/DefaultExtraPropertiesExtensionCustomizer> (0x00000000eb9b8370) thrown at [C:\re\workspace\8-2-build-windows-amd64-cygwin\jdk8u101\7261\hotspot\src\share\vm\classfile\systemDi•bõýög@
Event: 3.551 Thread 0x0000000017ed7000 Exception <a 'java/lang/NoSuchMethodError': <clinit>> (0x00000000ec6147e8) thrown at [C:\re\workspace\8-2-build-windows-amd64-cygwin\jdk8u101\7261\hotspot\src\share\vm\prims\jni.cpp, line 1613]
Event: 3.551 Thread 0x0000000017ed7000 Exception <a 'java/lang/NoSuchMethodError': <clinit>> (0x00000000ec616fe8) thrown at [C:\re\workspace\8-2-build-windows-amd64-cygwin\jdk8u101\7261\hotspot\src\share\vm\prims\jni.cpp, line 1613]
Event: 3.552 Thread 0x0000000017ed7000 Exception <a 'java/lang/NoSuchMethodError': <clinit>> (0x00000000ec6232c8) thrown at [C:\re\workspace\8-2-build-windows-amd64-cygwin\jdk8u101\7261\hotspot\src\share\vm\prims\jni.cpp, line 1613]
Event: 3.552 Thread 0x0000000017ed7000 Exception <a 'java/lang/NoSuchMethodError': <clinit>> (0x00000000ec62d738) thrown at [C:\re\workspace\8-2-build-windows-amd64-cygwin\jdk8u101\7261\hotspot\src\share\vm\prims\jni.cpp, line 1613]
Event: 3.629 Thread 0x0000000017ed7000 Implicit null exception at 0x0000000002d5db54 to 0x0000000002d5debd
Event: 3.629 Thread 0x0000000017ed7000 Implicit null exception at 0x0000000002cfc296 to 0x0000000002cfc5d9

Events (10 events):
Event: 3.803 Thread 0x0000000017ed7000 DEOPT UNPACKING pc=0x0000000002b1582a sp=0x00000000198cc8f0 mode 2
Event: 3.803 Thread 0x0000000017ed7000 Uncommon trap: trap_request=0xffffffde fr.pc=0x0000000002c7fa28
Event: 3.803 Thread 0x0000000017ed7000 DEOPT PACKING pc=0x0000000002c7fa28 sp=0x00000000198cc960
Event: 3.803 Thread 0x0000000017ed7000 DEOPT UNPACKING pc=0x0000000002b1582a sp=0x00000000198cc8f0 mode 2
Event: 3.803 Thread 0x0000000017ed7000 Uncommon trap: trap_request=0xffffffde fr.pc=0x0000000002c7fa28
Event: 3.803 Thread 0x0000000017ed7000 DEOPT PACKING pc=0x0000000002c7fa28 sp=0x00000000198cc960
Event: 3.803 Thread 0x0000000017ed7000 DEOPT UNPACKING pc=0x0000000002b1582a sp=0x00000000198cc8f0 mode 2
Event: 3.803 Thread 0x0000000017ed7000 Uncommon trap: trap_request=0xffffffde fr.pc=0x0000000002c7fa28
Event: 3.803 Thread 0x0000000017ed7000 DEOPT PACKING pc=0x0000000002c7fa28 sp=0x00000000198cc960
Event: 3.803 Thread 0x0000000017ed7000 DEOPT UNPACKING pc=0x0000000002b1582a sp=0x00000000198cc8f0 mode 2


Dynamic libraries:
0x00007ff7a7610000 - 0x00007ff7a7647000 	C:\Program Files\Java\jdk1.8.0_101\bin\java.exe
0x00007ffeaebb0000 - 0x00007ffeaed5a000 	C:\Windows\SYSTEM32\ntdll.dll
0x00007ffeacaf0000 - 0x00007ffeacc2a000 	C:\Windows\system32\KERNEL32.DLL
0x00007ffeac280000 - 0x00007ffeac38f000 	C:\Windows\system32\KERNELBASE.dll
0x00007ffea9590000 - 0x00007ffea9618000 	C:\Windows\system32\apphelp.dll
0x00007ffe9c570000 - 0x00007ffe9c5bf000 	C:\Windows\AppPatch\AppPatch64\AcGenral.DLL
0x00007ffeae8c0000 - 0x00007ffeae967000 	C:\Windows\system32\msvcrt.dll
0x00007ffeabdd0000 - 0x00007ffeabdfb000 	C:\Windows\SYSTEM32\SspiCli.dll
0x00007ffead250000 - 0x00007ffead2a1000 	C:\Windows\system32\SHLWAPI.dll
0x00007ffead010000 - 0x00007ffead181000 	C:\Windows\system32\USER32.dll
0x00007ffeaea30000 - 0x00007ffeaeba8000 	C:\Windows\system32\ole32.dll
0x00007ffead2b0000 - 0x00007ffeae6c7000 	C:\Windows\system32\SHELL32.dll
0x00007ffeab2c0000 - 0x00007ffeab2de000 	C:\Windows\SYSTEM32\USERENV.dll
0x00007ffeaca40000 - 0x00007ffeacae5000 	C:\Windows\system32\ADVAPI32.dll
0x00007ffea1f50000 - 0x00007ffea1f6b000 	C:\Windows\SYSTEM32\MPR.dll
0x00007ffeae6e0000 - 0x00007ffeae816000 	C:\Windows\system32\RPCRT4.dll
0x00007ffeac610000 - 0x00007ffeac667000 	C:\Windows\SYSTEM32\sechost.dll
0x00007ffeac430000 - 0x00007ffeac606000 	C:\Windows\SYSTEM32\combase.dll
0x00007ffeac820000 - 0x00007ffeac965000 	C:\Windows\system32\GDI32.dll
0x00007ffeabf20000 - 0x00007ffeabf34000 	C:\Windows\SYSTEM32\profapi.dll
0x00007ffeaaf40000 - 0x00007ffeaafdf000 	C:\Windows\SYSTEM32\SHCORE.dll
0x00007ffeae820000 - 0x00007ffeae854000 	C:\Windows\system32\IMM32.DLL
0x00007ffeacc50000 - 0x00007ffeacd89000 	C:\Windows\system32\MSCTF.dll
0x00007ffeab5c0000 - 0x00007ffeab81a000 	C:\Windows\WinSxS\amd64_microsoft.windows.common-controls_6595b64144ccf1df_6.0.9600.17031_none_6242a4b3ecbb55a1\COMCTL32.dll
0x0000000069e20000 - 0x0000000069ef2000 	C:\Program Files\Java\jdk1.8.0_101\jre\bin\msvcr100.dll
0x0000000069580000 - 0x0000000069e1a000 	C:\Program Files\Java\jdk1.8.0_101\jre\bin\server\jvm.dll
0x00007ffea9940000 - 0x00007ffea9949000 	C:\Windows\SYSTEM32\WSOCK32.dll
0x00007ffea6ec0000 - 0x00007ffea6edf000 	C:\Windows\SYSTEM32\WINMM.dll
0x00007ffea5430000 - 0x00007ffea543a000 	C:\Windows\SYSTEM32\VERSION.dll
0x00007ffead240000 - 0x00007ffead247000 	C:\Windows\system32\PSAPI.DLL
0x00007ffeac9e0000 - 0x00007ffeaca38000 	C:\Windows\system32\WS2_32.dll
0x00007ffea6750000 - 0x00007ffea677a000 	C:\Windows\SYSTEM32\WINMMBASE.dll
0x00007ffeac970000 - 0x00007ffeac979000 	C:\Windows\system32\NSI.dll
0x00007ffeac390000 - 0x00007ffeac3da000 	C:\Windows\SYSTEM32\cfgmgr32.dll
0x00007ffeaa360000 - 0x00007ffeaa386000 	C:\Windows\SYSTEM32\DEVOBJ.dll
0x000000006ad30000 - 0x000000006ad3f000 	C:\Program Files\Java\jdk1.8.0_101\jre\bin\verify.dll
0x000000006ad00000 - 0x000000006ad29000 	C:\Program Files\Java\jdk1.8.0_101\jre\bin\java.dll
0x0000000069560000 - 0x0000000069576000 	C:\Program Files\Java\jdk1.8.0_101\jre\bin\zip.dll
0x0000000069540000 - 0x000000006955a000 	C:\Program Files\Java\jdk1.8.0_101\jre\bin\net.dll
0x00007ffeab560000 - 0x00007ffeab5b8000 	C:\Windows\system32\mswsock.dll
0x0000000069520000 - 0x0000000069531000 	C:\Program Files\Java\jdk1.8.0_101\jre\bin\nio.dll
0x00007ffea96c0000 - 0x00007ffea96d2000 	C:\Users\Ahlaam.Kazi\.gradle\native\19\windows-amd64\native-platform.dll
0x00007ffeab820000 - 0x00007ffeab83e000 	C:\Windows\SYSTEM32\CRYPTSP.dll
0x00007ffeab140000 - 0x00007ffeab175000 	C:\Windows\system32\rsaenh.dll
0x00007ffeabae0000 - 0x00007ffeabb06000 	C:\Windows\SYSTEM32\bcrypt.dll
0x00007ffeabe00000 - 0x00007ffeabe60000 	C:\Windows\system32\bcryptprimitives.dll
0x00007ffeabe60000 - 0x00007ffeabe6a000 	C:\Windows\SYSTEM32\CRYPTBASE.dll
0x00007ffeaa970000 - 0x00007ffeaa999000 	C:\Windows\SYSTEM32\IPHLPAPI.DLL
0x00007ffeaa960000 - 0x00007ffeaa96a000 	C:\Windows\SYSTEM32\WINNSI.DLL
0x00007ffeaa6a0000 - 0x00007ffeaa6b4000 	C:\Windows\SYSTEM32\dhcpcsvc6.DLL
0x00007ffeaa620000 - 0x00007ffeaa639000 	C:\Windows\SYSTEM32\dhcpcsvc.DLL
0x000000006acf0000 - 0x000000006acfd000 	C:\Program Files\Java\jdk1.8.0_101\jre\bin\management.dll
0x00007ffea0df0000 - 0x00007ffea0f78000 	C:\Windows\SYSTEM32\dbghelp.dll

VM Arguments:
jvm_args: -XX:MaxPermSize=256m -XX:+HeapDumpOnOutOfMemoryError -Xmx1024m -Dfile.encoding=windows-1252 -Duser.country=US -Duser.language=en -Duser.variant 
java_command: org.gradle.launcher.daemon.bootstrap.GradleDaemon 2.14.1
java_class_path (initial): C:\Users\Ahlaam.Kazi\.gradle\wrapper\dists\gradle-2.14.1-all\8bnwg5hd3w55iofp58khbp6yv\gradle-2.14.1\lib\gradle-launcher-2.14.1.jar
Launcher Type: SUN_STANDARD

Environment Variables:
PATH=C:\ProgramData\Oracle\Java\javapath;D:\app\BeerM\product\11.2.0\client_2\bin;D:\app\BeerM\product\11.2.0\client_1\bin;C:\Windows\system32;C:\Windows;C:\Windows\System32\Wbem;C:\Windows\System32\WindowsPowerShell\v1.0\;C:\Program Files (x86)\Microsoft SQL Server\100\Tools\Binn\;C:\Program Files\Microsoft SQL Server\100\Tools\Binn\;C:\Program Files\Microsoft SQL Server\100\DTS\Binn\;C:\Program Files (x86)\Skype\Phone\
USERNAME=ahlaam.kazi
OS=Windows_NT
PROCESSOR_IDENTIFIER=Intel64 Family 6 Model 61 Stepping 4, GenuineIntel



---------------  S Y S T E M  ---------------

OS: Windows 8.1 , 64 bit Build 9600 (6.3.9600.17056)

CPU:total 4 (2 cores per cpu, 2 threads per core) family 6 model 61 stepping 4, cmov, cx8, fxsr, mmx, sse, sse2, sse3, ssse3, sse4.1, sse4.2, popcnt, avx, avx2, aes, clmul, erms, 3dnowpref, lzcnt, ht, tsc, tscinvbit, bmi1, bmi2, adx

Memory: 4k page, physical 8277104k(3956072k free), swap 16665712k(11914932k free)

vm_info: Java HotSpot(TM) 64-Bit Server VM (25.101-b13) for windows-amd64 JRE (1.8.0_101-b13), built on Jun 22 2016 01:21:29 by "java_re" with MS VC++ 10.0 (VS2010)

time: Mon Oct 09 16:22:58 2017
elapsed time: 4 seconds (0d 0h 0m 4s)

