#
# A fatal error has been detected by the Java Runtime Environment:
#
#  EXCEPTION_ACCESS_VIOLATION (0xc0000005) at pc=0x00000000528fc810, pid=1632, tid=0x0000000000001540
#
# JRE version: Java(TM) SE Runtime Environment (8.0_101-b13) (build 1.8.0_101-b13)
# Java VM: Java HotSpot(TM) 64-Bit Server VM (25.101-b13 mixed mode windows-amd64 compressed oops)
# Problematic frame:
# V  [jvm.dll+0xec810]
#
# Failed to write core dump. Minidumps are not enabled by default on client versions of Windows
#
# If you would like to submit a bug report, please visit:
#   http://bugreport.java.com/bugreport/crash.jsp
#

---------------  T H R E A D  ---------------

Current thread (0x0000000017537800):  JavaThread "Daemon worker" [_thread_in_vm, id=5440, stack(0x0000000018d60000,0x0000000018e60000)]

siginfo: ExceptionCode=0xc0000005, reading address 0xffffffffffffffff

Registers:
RAX=0x0000000000000017, RBX=0x0000000000000000, RCX=0x0000000000000017, RDX=0x0000000000000000
RSP=0x0000000018e5ba58, RBP=0x00000000000007ff, RSI=0x00000000ec57ebc0, RDI=0x0000000000000016
R8 =0x0000000000000016, R9 =0x0000000000000016, R10=0x00000000ec57ebc0, R11=0x0000000000000001
R12=0x00000000162c3cc0, R13=0x0000000000000000, R14=0x00000000162c3d80, R15=0x00000000000003d8
RIP=0x00000000528fc810, EFLAGS=0x0000000000010246

Top of Stack: (sp=0x0000000018e5ba58)
0x0000000018e5ba58:   0000000052a8bed8 0000000000000000
0x0000000018e5ba68:   00000000162c3cc0 0000000018e5bb48
0x0000000018e5ba78:   00000000174cd3a0 0000000018e5bb48
0x0000000018e5ba88:   0000000052997301 00000000162c40a8
0x0000000018e5ba98:   00000000174cd3a0 0000000017537800
0x0000000018e5baa8:   000000000000002f 0000000017537800
0x0000000018e5bab8:   0000000018e5bb30 0000000017496d38
0x0000000018e5bac8:   0000000000000000 0000000000000000
0x0000000018e5bad8:   0000000017537800 0000000018e5bcc8
0x0000000018e5bae8:   0000000018e5bc38 0000000000000000
0x0000000018e5baf8:   0000000000000065 0000000000000011
0x0000000018e5bb08:   0000000018e5bb80 00000000ec57eb00
0x0000000018e5bb18:   000000000218ce89 00000000175379f8
0x0000000018e5bb28:   0000000018e5bb40 00000000162c3d80
0x0000000018e5bb38:   00000000162c40a8 00000000c05bdb00
0x0000000018e5bb48:   00000000ec57eae8 000000000201835d 

Instructions: (pc=0x00000000528fc810)
0x00000000528fc7f0:   ff ff ff cc cc cc cc cc cc cc cc cc cc cc cc cc
0x00000000528fc800:   48 8b 89 30 01 00 00 e9 24 9e f3 ff cc cc cc cc
0x00000000528fc810:   48 89 5c 24 08 57 48 83 ec 20 48 8b f9 8b 0d d5
0x00000000528fc820:   3f 6c 00 8b da ff 15 c5 eb 4e 00 44 8b c3 48 8b 


Register to memory mapping:

RAX=0x0000000000000017 is an unknown value
RBX=0x0000000000000000 is an unknown value
RCX=0x0000000000000017 is an unknown value
RDX=0x0000000000000000 is an unknown value
RSP=0x0000000018e5ba58 is pointing into the stack for thread: 0x0000000017537800
RBP=0x00000000000007ff is an unknown value
RSI=0x00000000ec57ebc0 is an oop

[error occurred during error reporting (printing register info), id 0xc0000005]

Stack: [0x0000000018d60000,0x0000000018e60000],  sp=0x0000000018e5ba58,  free space=1006k
Native frames: (J=compiled Java code, j=interpreted, Vv=VM code, C=native code)
V  [jvm.dll+0xec810]
V  [jvm.dll+0x27bed8]
V  [jvm.dll+0x187301]
C  0x000000000218ce89

Java frames: (J=compiled Java code, j=interpreted, Vv=VM code)
J 229  java.lang.ClassLoader.findLoadedClass0(Ljava/lang/String;)Ljava/lang/Class; (0 bytes) @ 0x000000000218ce0f [0x000000000218cdc0+0x4f]
J 1525 C2 java.lang.ClassLoader.loadClass(Ljava/lang/String;Z)Ljava/lang/Class; (122 bytes) @ 0x0000000002149718 [0x00000000021494c0+0x258]
j  org.gradle.internal.classloader.CachingClassLoader.loadClass(Ljava/lang/String;Z)Ljava/lang/Class;+42
J 1525 C2 java.lang.ClassLoader.loadClass(Ljava/lang/String;Z)Ljava/lang/Class; (122 bytes) @ 0x00000000021497d8 [0x00000000021494c0+0x318]
J 279 C1 java.lang.ClassLoader.loadClass(Ljava/lang/String;)Ljava/lang/Class; (7 bytes) @ 0x00000000021a878c [0x00000000021a8680+0x10c]
v  ~StubRoutines::call_stub
J 1801  java.lang.Class.getDeclaredMethods0(Z)[Ljava/lang/reflect/Method; (0 bytes) @ 0x00000000021aec7b [0x00000000021aec40+0x3b]
J 1083 C1 java.lang.Class.privateGetDeclaredMethods(Z)[Ljava/lang/reflect/Method; (67 bytes) @ 0x00000000023d7f9c [0x00000000023d7c80+0x31c]
J 1637 C1 java.lang.Class.getDeclaredMethods()[Ljava/lang/reflect/Method; (18 bytes) @ 0x00000000022df334 [0x00000000022df260+0xd4]
j  org.codehaus.groovy.reflection.CachedClass$3$1.run()Ljava/lang/Object;+10
v  ~StubRoutines::call_stub
J 866  java.security.AccessController.doPrivileged(Ljava/security/PrivilegedAction;)Ljava/lang/Object; (0 bytes) @ 0x000000000236b152 [0x000000000236b100+0x52]
j  org.codehaus.groovy.reflection.CachedClass$3.initValue()[Lorg/codehaus/groovy/reflection/CachedMethod;+8
j  org.codehaus.groovy.reflection.CachedClass$3.initValue()Ljava/lang/Object;+1
J 1321 C1 org.codehaus.groovy.util.LazyReference.getLocked(Z)Ljava/lang/Object; (85 bytes) @ 0x000000000246bab4 [0x000000000246b320+0x794]
J 1255 C1 org.codehaus.groovy.util.LazyReference.get()Ljava/lang/Object; (44 bytes) @ 0x000000000243dc94 [0x000000000243d980+0x314]
j  org.codehaus.groovy.reflection.CachedClass.getMethods()[Lorg/codehaus/groovy/reflection/CachedMethod;+4
j  groovy.lang.MetaClassImpl.populateMethods(Ljava/util/LinkedList;Lorg/codehaus/groovy/reflection/CachedClass;)V+42
j  groovy.lang.MetaClassImpl.fillMethodIndex()V+42
j  groovy.lang.MetaClassImpl.initialize()V+8
j  org.codehaus.groovy.reflection.ClassInfo.getMetaClassUnderLock()Lgroovy/lang/MetaClass;+49
j  org.codehaus.groovy.reflection.ClassInfo.getMetaClass()Lgroovy/lang/MetaClass;+16
j  org.codehaus.groovy.runtime.metaclass.MetaClassRegistryImpl.getMetaClass(Ljava/lang/Class;)Lgroovy/lang/MetaClass;+4
j  org.codehaus.groovy.runtime.InvokerHelper.getMetaClass(Ljava/lang/Class;)Lgroovy/lang/MetaClass;+4
j  org.codehaus.groovy.runtime.callsite.CallSiteArray.createCallConstructorSite(Lorg/codehaus/groovy/runtime/callsite/CallSite;Ljava/lang/Class;[Ljava/lang/Object;)Lorg/codehaus/groovy/runtime/callsite/CallSite;+1
j  org.codehaus.groovy.runtime.callsite.CallSiteArray.defaultCallConstructor(Lorg/codehaus/groovy/runtime/callsite/CallSite;Ljava/lang/Object;[Ljava/lang/Object;)Ljava/lang/Object;+6
j  org.codehaus.groovy.runtime.callsite.AbstractCallSite.callConstructor(Ljava/lang/Object;[Ljava/lang/Object;)Ljava/lang/Object;+3
j  org.codehaus.groovy.runtime.callsite.AbstractCallSite.callConstructor(Ljava/lang/Object;)Ljava/lang/Object;+5
j  ijinit151_b5l4g54ovqq5dilxki4kz6azf.run()Ljava/lang/Object;+26
j  org.gradle.groovy.scripts.internal.DefaultScriptRunnerFactory$ScriptRunnerImpl.run(Ljava/lang/Object;Lorg/gradle/internal/service/ServiceRegistry;)V+60
j  org.gradle.configuration.DefaultScriptPluginFactory$ScriptPluginImpl$2.run()V+12
j  org.gradle.configuration.DefaultScriptTarget.addConfiguration(Ljava/lang/Runnable;Z)V+1
j  org.gradle.configuration.DefaultScriptPluginFactory$ScriptPluginImpl.apply(Ljava/lang/Object;)V+541
j  org.gradle.configuration.DefaultInitScriptProcessor.process(Lorg/gradle/groovy/scripts/ScriptSource;Lorg/gradle/api/internal/GradleInternal;)V+118
j  org.gradle.initialization.InitScriptHandler$1.run()V+50
j  org.gradle.internal.Factories$1.create()Ljava/lang/Object;+4
j  org.gradle.internal.progress.DefaultBuildOperationExecutor.run(Lorg/gradle/internal/progress/BuildOperationDetails;Lorg/gradle/internal/Factory;)Ljava/lang/Object;+171
j  org.gradle.internal.progress.DefaultBuildOperationExecutor.run(Lorg/gradle/internal/progress/BuildOperationDetails;Ljava/lang/Runnable;)V+6
j  org.gradle.initialization.InitScriptHandler.executeScripts(Lorg/gradle/api/internal/GradleInternal;)V+49
j  org.gradle.initialization.DefaultGradleLauncher.doBuildStages(Lorg/gradle/initialization/DefaultGradleLauncher$Stage;)V+8
j  org.gradle.initialization.DefaultGradleLauncher.access$200(Lorg/gradle/initialization/DefaultGradleLauncher;Lorg/gradle/initialization/DefaultGradleLauncher$Stage;)V+2
j  org.gradle.initialization.DefaultGradleLauncher$1.create()Lorg/gradle/BuildResult;+29
j  org.gradle.initialization.DefaultGradleLauncher$1.create()Ljava/lang/Object;+1
j  org.gradle.internal.progress.DefaultBuildOperationExecutor.run(Lorg/gradle/internal/progress/BuildOperationDetails;Lorg/gradle/internal/Factory;)Ljava/lang/Object;+171
j  org.gradle.internal.progress.DefaultBuildOperationExecutor.run(Ljava/lang/String;Lorg/gradle/internal/Factory;)Ljava/lang/Object;+9
j  org.gradle.initialization.DefaultGradleLauncher.doBuild(Lorg/gradle/initialization/DefaultGradleLauncher$Stage;)Lorg/gradle/BuildResult;+15
j  org.gradle.initialization.DefaultGradleLauncher.getBuildAnalysis()Lorg/gradle/BuildResult;+4
j  org.gradle.launcher.exec.InProcessBuildActionExecuter$DefaultBuildController.configure()Lorg/gradle/api/internal/GradleInternal;+4
j  org.gradle.tooling.internal.provider.runner.ClientProvidedBuildActionRunner.run(Lorg/gradle/internal/invocation/BuildAction;Lorg/gradle/internal/invocation/BuildController;)V+56
j  org.gradle.launcher.exec.ChainingBuildActionRunner.run(Lorg/gradle/internal/invocation/BuildAction;Lorg/gradle/internal/invocation/BuildController;)V+34
j  org.gradle.tooling.internal.provider.runner.SubscribableBuildActionRunner.run(Lorg/gradle/internal/invocation/BuildAction;Lorg/gradle/internal/invocation/BuildController;)V+37
j  org.gradle.launcher.exec.ChainingBuildActionRunner.run(Lorg/gradle/internal/invocation/BuildAction;Lorg/gradle/internal/invocation/BuildController;)V+34
j  org.gradle.launcher.exec.InProcessBuildActionExecuter.execute(Lorg/gradle/internal/invocation/BuildAction;Lorg/gradle/initialization/BuildRequestContext;Lorg/gradle/launcher/exec/BuildActionParameters;Lorg/gradle/internal/service/ServiceRegistry;)Ljava/lang/Object;+77
j  org.gradle.launcher.exec.InProcessBuildActionExecuter.execute(Lorg/gradle/internal/invocation/BuildAction;Lorg/gradle/initialization/BuildRequestContext;Ljava/lang/Object;Lorg/gradle/internal/service/ServiceRegistry;)Ljava/lang/Object;+9
j  org.gradle.launcher.exec.ContinuousBuildActionExecuter.execute(Lorg/gradle/internal/invocation/BuildAction;Lorg/gradle/initialization/BuildRequestContext;Lorg/gradle/launcher/exec/BuildActionParameters;Lorg/gradle/internal/service/ServiceRegistry;)Ljava/lang/Object;+114
j  org.gradle.launcher.exec.ContinuousBuildActionExecuter.execute(Lorg/gradle/internal/invocation/BuildAction;Lorg/gradle/initialization/BuildRequestContext;Ljava/lang/Object;Lorg/gradle/internal/service/ServiceRegistry;)Ljava/lang/Object;+9
j  org.gradle.launcher.daemon.server.exec.ExecuteBuild.doBuild(Lorg/gradle/launcher/daemon/server/api/DaemonCommandExecution;Lorg/gradle/launcher/daemon/protocol/Build;)V+74
j  org.gradle.launcher.daemon.server.exec.BuildCommandOnly.execute(Lorg/gradle/launcher/daemon/server/api/DaemonCommandExecution;)V+49
j  org.gradle.launcher.daemon.server.api.DaemonCommandExecution.proceed()Z+28
j  org.gradle.launcher.daemon.server.exec.WatchForDisconnection.execute(Lorg/gradle/launcher/daemon/server/api/DaemonCommandExecution;)V+19
j  org.gradle.launcher.daemon.server.api.DaemonCommandExecution.proceed()Z+28
j  org.gradle.launcher.daemon.server.exec.ResetDeprecationLogger.execute(Lorg/gradle/launcher/daemon/server/api/DaemonCommandExecution;)V+4
j  org.gradle.launcher.daemon.server.api.DaemonCommandExecution.proceed()Z+28
j  org.gradle.launcher.daemon.server.exec.RequestStopIfSingleUsedDaemon.execute(Lorg/gradle/launcher/daemon/server/api/DaemonCommandExecution;)V+31
j  org.gradle.launcher.daemon.server.api.DaemonCommandExecution.proceed()Z+28
j  org.gradle.launcher.daemon.server.exec.ForwardClientInput$2.call()Ljava/lang/Void;+4
j  org.gradle.launcher.daemon.server.exec.ForwardClientInput$2.call()Ljava/lang/Object;+1
j  org.gradle.util.Swapper.swap(Ljava/lang/Object;Ljava/util/concurrent/Callable;)Ljava/lang/Object;+21
j  org.gradle.launcher.daemon.server.exec.ForwardClientInput.execute(Lorg/gradle/launcher/daemon/server/api/DaemonCommandExecution;)V+63
j  org.gradle.launcher.daemon.server.api.DaemonCommandExecution.proceed()Z+28
j  org.gradle.launcher.daemon.server.health.DaemonHealthTracker.execute(Lorg/gradle/launcher/daemon/server/api/DaemonCommandExecution;)V+35
j  org.gradle.launcher.daemon.server.api.DaemonCommandExecution.proceed()Z+28
j  org.gradle.launcher.daemon.server.exec.LogToClient.doBuild(Lorg/gradle/launcher/daemon/server/api/DaemonCommandExecution;Lorg/gradle/launcher/daemon/protocol/Build;)V+87
j  org.gradle.launcher.daemon.server.exec.BuildCommandOnly.execute(Lorg/gradle/launcher/daemon/server/api/DaemonCommandExecution;)V+49
j  org.gradle.launcher.daemon.server.api.DaemonCommandExecution.proceed()Z+28
j  org.gradle.launcher.daemon.server.exec.EstablishBuildEnvironment.doBuild(Lorg/gradle/launcher/daemon/server/api/DaemonCommandExecution;Lorg/gradle/launcher/daemon/protocol/Build;)V+279
j  org.gradle.launcher.daemon.server.exec.BuildCommandOnly.execute(Lorg/gradle/launcher/daemon/server/api/DaemonCommandExecution;)V+49
j  org.gradle.launcher.daemon.server.api.DaemonCommandExecution.proceed()Z+28
j  org.gradle.launcher.daemon.server.health.HintGCAfterBuild.execute(Lorg/gradle/launcher/daemon/server/api/DaemonCommandExecution;)V+1
j  org.gradle.launcher.daemon.server.api.DaemonCommandExecution.proceed()Z+28
j  org.gradle.launcher.daemon.server.exec.StartBuildOrRespondWithBusy$1.run()V+44
j  org.gradle.launcher.daemon.server.DaemonStateCoordinator$1.run()V+4
j  org.gradle.internal.concurrent.ExecutorPolicy$CatchAndRecordFailures.onExecute(Ljava/lang/Runnable;)V+1
j  org.gradle.internal.concurrent.StoppableExecutorImpl$1.run()V+25
j  java.util.concurrent.ThreadPoolExecutor.runWorker(Ljava/util/concurrent/ThreadPoolExecutor$Worker;)V+95
j  java.util.concurrent.ThreadPoolExecutor$Worker.run()V+5
j  java.lang.Thread.run()V+11
v  ~StubRoutines::call_stub

---------------  P R O C E S S  ---------------

Java Threads: ( => current thread )
  0x0000000019bc0000 JavaThread "File lock request listener" [_thread_in_native, id=7428, stack(0x000000001a630000,0x000000001a730000)]
  0x0000000017580000 JavaThread "Stdin handler" [_thread_blocked, id=6164, stack(0x0000000018f60000,0x0000000019060000)]
  0x0000000017570800 JavaThread "Asynchronous log dispatcher for org.gradle.launcher.daemon.server.DefaultDaemonConnection@206bdfe6" [_thread_blocked, id=6784, stack(0x0000000018e60000,0x0000000018f60000)]
=>0x0000000017537800 JavaThread "Daemon worker" [_thread_in_vm, id=5440, stack(0x0000000018d60000,0x0000000018e60000)]
  0x000000001755a800 JavaThread "Cancel handler" [_thread_blocked, id=3428, stack(0x0000000018c60000,0x0000000018d60000)]
  0x0000000017553800 JavaThread "Handler for socket connection from /127.0.0.1:64588 to /127.0.0.1:64589" [_thread_in_native, id=4988, stack(0x0000000018b60000,0x0000000018c60000)]
  0x0000000017552800 JavaThread "Daemon" [_thread_blocked, id=4756, stack(0x0000000018a60000,0x0000000018b60000)]
  0x00000000174ba800 JavaThread "Incoming local TCP Connector on port 64588" [_thread_in_native, id=2016, stack(0x0000000018360000,0x0000000018460000)]
  0x0000000017453000 JavaThread "pool-1-thread-1" [_thread_blocked, id=6056, stack(0x0000000016f90000,0x0000000017090000)]
  0x00000000161b8800 JavaThread "Service Thread" daemon [_thread_blocked, id=2848, stack(0x0000000016590000,0x0000000016690000)]
  0x00000000146e8000 JavaThread "C1 CompilerThread2" daemon [_thread_blocked, id=5052, stack(0x0000000016090000,0x0000000016190000)]
  0x00000000146e1800 JavaThread "C2 CompilerThread1" daemon [_thread_blocked, id=6708, stack(0x0000000015f90000,0x0000000016090000)]
  0x00000000146de000 JavaThread "C2 CompilerThread0" daemon [_thread_blocked, id=2344, stack(0x0000000015e90000,0x0000000015f90000)]
  0x00000000146dc800 JavaThread "Attach Listener" daemon [_thread_blocked, id=8024, stack(0x0000000015d90000,0x0000000015e90000)]
  0x00000000146dc000 JavaThread "Signal Dispatcher" daemon [_thread_blocked, id=5056, stack(0x0000000015c90000,0x0000000015d90000)]
  0x000000000200d000 JavaThread "Finalizer" daemon [_thread_blocked, id=744, stack(0x0000000015960000,0x0000000015a60000)]
  0x00000000146a9000 JavaThread "Reference Handler" daemon [_thread_blocked, id=7352, stack(0x0000000015860000,0x0000000015960000)]
  0x0000000001e0e000 JavaThread "main" [_thread_blocked, id=8052, stack(0x0000000001e10000,0x0000000001f10000)]

Other Threads:
  0x00000000146a7800 VMThread [stack: 0x0000000015760000,0x0000000015860000] [id=4308]
  0x00000000161d3000 WatcherThread [stack: 0x0000000016690000,0x0000000016790000] [id=6772]

VM state:not at safepoint (normal execution)

VM Mutex/Monitor currently owned by a thread: None

Heap:
 PSYoungGen      total 38400K, used 27543K [0x00000000eab00000, 0x00000000ed580000, 0x0000000100000000)
  eden space 33280K, 82% used [0x00000000eab00000,0x00000000ec5e5dc0,0x00000000ecb80000)
  from space 5120K, 0% used [0x00000000ed080000,0x00000000ed080000,0x00000000ed580000)
  to   space 5120K, 0% used [0x00000000ecb80000,0x00000000ecb80000,0x00000000ed080000)
 ParOldGen       total 57856K, used 8215K [0x00000000c0000000, 0x00000000c3880000, 0x00000000eab00000)
  object space 57856K, 14% used [0x00000000c0000000,0x00000000c0805f08,0x00000000c3880000)
 Metaspace       used 23083K, capacity 23554K, committed 23808K, reserved 1069056K
  class space    used 3135K, capacity 3322K, committed 3328K, reserved 1048576K

Card table byte_map: [0x00000000113d0000,0x00000000115e0000] byte_map_base: 0x0000000010dd0000

Marking Bits: (ParMarkBitMap*) 0x000000005302a6d0
 Begin Bits: [0x0000000011b40000, 0x0000000012b40000)
 End Bits:   [0x0000000012b40000, 0x0000000013b40000)

Polling page: 0x0000000001d20000

CodeCache: size=245760Kb used=7019Kb max_used=7032Kb free=238740Kb
 bounds [0x0000000002010000, 0x0000000002700000, 0x0000000011010000]
 total_blobs=2398 nmethods=1766 adapters=544
 compilation: enabled

Compilation events (10 events):
Event: 13.212 Thread 0x00000000146e8000 nmethod 1919 0x00000000026e7510 code [0x00000000026e7780, 0x00000000026e8c08]
Event: 13.212 Thread 0x00000000146e8000 1921       3       org.codehaus.groovy.util.SingleKeyHashMap::getOrPut (137 bytes)
Event: 13.213 Thread 0x00000000146e8000 nmethod 1921 0x00000000026e9290 code [0x00000000026e9480, 0x00000000026e9f68]
Event: 13.213 Thread 0x00000000146e8000 1920       3       java.beans.Introspector::addPropertyDescriptor (265 bytes)
Event: 13.217 Thread 0x00000000146e8000 nmethod 1920 0x00000000026ea410 code [0x00000000026ea900, 0x00000000026ee2d8]
Event: 13.217 Thread 0x00000000146e8000 1922       3       java.util.concurrent.atomic.AtomicReferenceArray::get (10 bytes)
Event: 13.217 Thread 0x00000000146e8000 nmethod 1922 0x00000000026bea50 code [0x00000000026bebc0, 0x00000000026bedc8]
Event: 13.217 Thread 0x00000000146e8000 1923       1       com.google.common.collect.MapMakerInternalMap$StrongEntry::getHash (5 bytes)
Event: 13.217 Thread 0x00000000146e8000 nmethod 1923 0x00000000026be790 code [0x00000000026be8e0, 0x00000000026be9f0]
Event: 13.218 Thread 0x00000000146e1800 nmethod 1916 0x00000000026c1710 code [0x00000000026c1880, 0x00000000026c1e38]

GC Heap History (10 events):
Event: 7.927 GC heap before
{Heap before GC invocations=1 (full 0):
 PSYoungGen      total 38400K, used 33280K [0x00000000eab00000, 0x00000000ed580000, 0x0000000100000000)
  eden space 33280K, 100% used [0x00000000eab00000,0x00000000ecb80000,0x00000000ecb80000)
  from space 5120K, 0% used [0x00000000ed080000,0x00000000ed080000,0x00000000ed580000)
  to   space 5120K, 0% used [0x00000000ecb80000,0x00000000ecb80000,0x00000000ed080000)
 ParOldGen       total 87552K, used 0K [0x00000000c0000000, 0x00000000c5580000, 0x00000000eab00000)
  object space 87552K, 0% used [0x00000000c0000000,0x00000000c0000000,0x00000000c5580000)
 Metaspace       used 5876K, capacity 6320K, committed 6528K, reserved 1056768K
  class space    used 759K, capacity 832K, committed 896K, reserved 1048576K
Event: 7.932 GC heap after
Heap after GC invocations=1 (full 0):
 PSYoungGen      total 38400K, used 4029K [0x00000000eab00000, 0x00000000ed580000, 0x0000000100000000)
  eden space 33280K, 0% used [0x00000000eab00000,0x00000000eab00000,0x00000000ecb80000)
  from space 5120K, 78% used [0x00000000ecb80000,0x00000000ecf6f708,0x00000000ed080000)
  to   space 5120K, 0% used [0x00000000ed080000,0x00000000ed080000,0x00000000ed580000)
 ParOldGen       total 87552K, used 8K [0x00000000c0000000, 0x00000000c5580000, 0x00000000eab00000)
  object space 87552K, 0% used [0x00000000c0000000,0x00000000c0002000,0x00000000c5580000)
 Metaspace       used 5876K, capacity 6320K, committed 6528K, reserved 1056768K
  class space    used 759K, capacity 832K, committed 896K, reserved 1048576K
}
Event: 9.126 GC heap before
{Heap before GC invocations=2 (full 0):
 PSYoungGen      total 38400K, used 37309K [0x00000000eab00000, 0x00000000ed580000, 0x0000000100000000)
  eden space 33280K, 100% used [0x00000000eab00000,0x00000000ecb80000,0x00000000ecb80000)
  from space 5120K, 78% used [0x00000000ecb80000,0x00000000ecf6f708,0x00000000ed080000)
  to   space 5120K, 0% used [0x00000000ed080000,0x00000000ed080000,0x00000000ed580000)
 ParOldGen       total 87552K, used 8K [0x00000000c0000000, 0x00000000c5580000, 0x00000000eab00000)
  object space 87552K, 0% used [0x00000000c0000000,0x00000000c0002000,0x00000000c5580000)
 Metaspace       used 12315K, capacity 12668K, committed 12928K, reserved 1060864K
  class space    used 1690K, capacity 1816K, committed 1920K, reserved 1048576K
Event: 9.135 GC heap after
Heap after GC invocations=2 (full 0):
 PSYoungGen      total 38400K, used 5119K [0x00000000eab00000, 0x00000000ed580000, 0x0000000100000000)
  eden space 33280K, 0% used [0x00000000eab00000,0x00000000eab00000,0x00000000ecb80000)
  from space 5120K, 99% used [0x00000000ed080000,0x00000000ed57fe08,0x00000000ed580000)
  to   space 5120K, 0% used [0x00000000ecb80000,0x00000000ecb80000,0x00000000ed080000)
 ParOldGen       total 87552K, used 676K [0x00000000c0000000, 0x00000000c5580000, 0x00000000eab00000)
  object space 87552K, 0% used [0x00000000c0000000,0x00000000c00a9090,0x00000000c5580000)
 Metaspace       used 12315K, capacity 12668K, committed 12928K, reserved 1060864K
  class space    used 1690K, capacity 1816K, committed 1920K, reserved 1048576K
}
Event: 10.965 GC heap before
{Heap before GC invocations=3 (full 0):
 PSYoungGen      total 38400K, used 38399K [0x00000000eab00000, 0x00000000ed580000, 0x0000000100000000)
  eden space 33280K, 100% used [0x00000000eab00000,0x00000000ecb80000,0x00000000ecb80000)
  from space 5120K, 99% used [0x00000000ed080000,0x00000000ed57fe08,0x00000000ed580000)
  to   space 5120K, 0% used [0x00000000ecb80000,0x00000000ecb80000,0x00000000ed080000)
 ParOldGen       total 87552K, used 676K [0x00000000c0000000, 0x00000000c5580000, 0x00000000eab00000)
  object space 87552K, 0% used [0x00000000c0000000,0x00000000c00a9090,0x00000000c5580000)
 Metaspace       used 18431K, capacity 18808K, committed 19072K, reserved 1064960K
  class space    used 2526K, capacity 2662K, committed 2688K, reserved 1048576K
Event: 10.983 GC heap after
Heap after GC invocations=3 (full 0):
 PSYoungGen      total 38400K, used 5120K [0x00000000eab00000, 0x00000000ed580000, 0x0000000100000000)
  eden space 33280K, 0% used [0x00000000eab00000,0x00000000eab00000,0x00000000ecb80000)
  from space 5120K, 100% used [0x00000000ecb80000,0x00000000ed080000,0x00000000ed080000)
  to   space 5120K, 0% used [0x00000000ed080000,0x00000000ed080000,0x00000000ed580000)
 ParOldGen       total 87552K, used 4991K [0x00000000c0000000, 0x00000000c5580000, 0x00000000eab00000)
  object space 87552K, 5% used [0x00000000c0000000,0x00000000c04dff88,0x00000000c5580000)
 Metaspace       used 18431K, capacity 18808K, committed 19072K, reserved 1064960K
  class space    used 2526K, capacity 2662K, committed 2688K, reserved 1048576K
}
Event: 12.272 GC heap before
{Heap before GC invocations=4 (full 0):
 PSYoungGen      total 38400K, used 30553K [0x00000000eab00000, 0x00000000ed580000, 0x0000000100000000)
  eden space 33280K, 76% used [0x00000000eab00000,0x00000000ec3d6598,0x00000000ecb80000)
  from space 5120K, 100% used [0x00000000ecb80000,0x00000000ed080000,0x00000000ed080000)
  to   space 5120K, 0% used [0x00000000ed080000,0x00000000ed080000,0x00000000ed580000)
 ParOldGen       total 87552K, used 4991K [0x00000000c0000000, 0x00000000c5580000, 0x00000000eab00000)
  object space 87552K, 5% used [0x00000000c0000000,0x00000000c04dff88,0x00000000c5580000)
 Metaspace       used 20736K, capacity 21158K, committed 21296K, reserved 1067008K
  class space    used 2748K, capacity 2867K, committed 2944K, reserved 1048576K
Event: 12.287 GC heap after
Heap after GC invocations=4 (full 0):
 PSYoungGen      total 38400K, used 5104K [0x00000000eab00000, 0x00000000ed580000, 0x0000000100000000)
  eden space 33280K, 0% used [0x00000000eab00000,0x00000000eab00000,0x00000000ecb80000)
  from space 5120K, 99% used [0x00000000ed080000,0x00000000ed57c010,0x00000000ed580000)
  to   space 5120K, 0% used [0x00000000ecb80000,0x00000000ecb80000,0x00000000ed080000)
 ParOldGen       total 87552K, used 7466K [0x00000000c0000000, 0x00000000c5580000, 0x00000000eab00000)
  object space 87552K, 8% used [0x00000000c0000000,0x00000000c074abb8,0x00000000c5580000)
 Metaspace       used 20736K, capacity 21158K, committed 21296K, reserved 1067008K
  class space    used 2748K, capacity 2867K, committed 2944K, reserved 1048576K
}
Event: 12.287 GC heap before
{Heap before GC invocations=5 (full 1):
 PSYoungGen      total 38400K, used 5104K [0x00000000eab00000, 0x00000000ed580000, 0x0000000100000000)
  eden space 33280K, 0% used [0x00000000eab00000,0x00000000eab00000,0x00000000ecb80000)
  from space 5120K, 99% used [0x00000000ed080000,0x00000000ed57c010,0x00000000ed580000)
  to   space 5120K, 0% used [0x00000000ecb80000,0x00000000ecb80000,0x00000000ed080000)
 ParOldGen       total 87552K, used 7466K [0x00000000c0000000, 0x00000000c5580000, 0x00000000eab00000)
  object space 87552K, 8% used [0x00000000c0000000,0x00000000c074abb8,0x00000000c5580000)
 Metaspace       used 20736K, capacity 21158K, committed 21296K, reserved 1067008K
  class space    used 2748K, capacity 2867K, committed 2944K, reserved 1048576K
Event: 12.334 GC heap after
Heap after GC invocations=5 (full 1):
 PSYoungGen      total 38400K, used 0K [0x00000000eab00000, 0x00000000ed580000, 0x0000000100000000)
  eden space 33280K, 0% used [0x00000000eab00000,0x00000000eab00000,0x00000000ecb80000)
  from space 5120K, 0% used [0x00000000ed080000,0x00000000ed080000,0x00000000ed580000)
  to   space 5120K, 0% used [0x00000000ecb80000,0x00000000ecb80000,0x00000000ed080000)
 ParOldGen       total 57856K, used 8215K [0x00000000c0000000, 0x00000000c3880000, 0x00000000eab00000)
  object space 57856K, 14% used [0x00000000c0000000,0x00000000c0805f08,0x00000000c3880000)
 Metaspace       used 20736K, capacity 21158K, committed 21296K, reserved 1067008K
  class space    used 2748K, capacity 2867K, committed 2944K, reserved 1048576K
}

Deoptimization events (10 events):
Event: 11.019 Thread 0x0000000017537800 Uncommon trap: reason=class_check action=maybe_recompile pc=0x00000000021c5028 method=java.lang.String.equals(Ljava/lang/Object;)Z @ 8
Event: 11.020 Thread 0x0000000017537800 Uncommon trap: reason=class_check action=maybe_recompile pc=0x00000000021c5028 method=java.lang.String.equals(Ljava/lang/Object;)Z @ 8
Event: 11.020 Thread 0x0000000017537800 Uncommon trap: reason=class_check action=maybe_recompile pc=0x00000000021c5028 method=java.lang.String.equals(Ljava/lang/Object;)Z @ 8
Event: 11.170 Thread 0x0000000017537800 Uncommon trap: reason=class_check action=maybe_recompile pc=0x00000000021cb2dc method=sun.misc.URLClassPath.getLoader(I)Lsun/misc/URLClassPath$Loader; @ 94
Event: 11.170 Thread 0x0000000017537800 Uncommon trap: reason=class_check action=maybe_recompile pc=0x00000000022b8eec method=sun.misc.URLClassPath.getResource(Ljava/lang/String;Z)Lsun/misc/Resource; @ 62
Event: 11.193 Thread 0x0000000017537800 Uncommon trap: reason=class_check action=maybe_recompile pc=0x00000000021cb47c method=sun.misc.URLClassPath.getLoader(I)Lsun/misc/URLClassPath$Loader; @ 193
Event: 11.203 Thread 0x0000000017537800 Uncommon trap: reason=class_check action=maybe_recompile pc=0x00000000021cb47c method=sun.misc.URLClassPath.getLoader(I)Lsun/misc/URLClassPath$Loader; @ 193
Event: 11.253 Thread 0x0000000017537800 Uncommon trap: reason=class_check action=maybe_recompile pc=0x00000000021cb47c method=sun.misc.URLClassPath.getLoader(I)Lsun/misc/URLClassPath$Loader; @ 193
Event: 11.593 Thread 0x0000000017537800 Uncommon trap: reason=class_check action=maybe_recompile pc=0x00000000021c8680 method=sun.misc.URLClassPath.getLoader(I)Lsun/misc/URLClassPath$Loader; @ 94
Event: 12.346 Thread 0x0000000017537800 Uncommon trap: reason=unstable_if action=reinterpret pc=0x000000000223e80c method=java.io.WinNTFileSystem.resolve(Ljava/lang/String;Ljava/lang/String;)Ljava/lang/String; @ 49

Internal exceptions (10 events):
Event: 12.622 Thread 0x0000000017537800 Exception <a 'java/lang/ClassNotFoundException': org/gradle/api/internal/artifacts/dsl/dependencies/DefaultDependencyHandlerBeanInfo> (0x00000000eb442b18) thrown at [C:\re\workspace\8-2-build-windows-amd64-cygwin\jdk8u101\7261\hotspot\src\share\vm\classfil«˜æMÒ>)@
Event: 12.623 Thread 0x0000000017537800 Exception <a 'java/lang/ClassNotFoundException': org/gradle/api/internal/artifacts/dsl/dependencies/DefaultDependencyHandlerCustomizer> (0x00000000eb46d5f0) thrown at [C:\re\workspace\8-2-build-windows-amd64-cygwin\jdk8u101\7261\hotspot\src\share\vm\classfS∆wÂı?)@
Event: 12.625 Thread 0x0000000017537800 Exception <a 'java/lang/ClassNotFoundException': org/gradle/api/internal/artifacts/dsl/dependencies/DefaultDependencyHandler_DecoratedCustomizer> (0x00000000eb4abe40) thrown at [C:\re\workspace\8-2-build-windows-amd64-cygwin\jdk8u101\7261\hotspot\src\share®zﬂ\ÛB)@
Event: 12.631 Thread 0x0000000017537800 Exception <a 'java/lang/reflect/InvocationTargetException'> (0x00000000eb4e5938) thrown at [C:\re\workspace\8-2-build-windows-amd64-cygwin\jdk8u101\7261\hotspot\src\share\vm\runtime\reflection.cpp, line 1092]
Event: 12.633 Thread 0x0000000017537800 Exception <a 'java/lang/ClassNotFoundException': ijinit151_b5l4g54ovqq5dilxki4kz6azf$_run_closure1BeanInfo> (0x00000000eb501d80) thrown at [C:\re\workspace\8-2-build-windows-amd64-cygwin\jdk8u101\7261\hotspot\src\share\vm\classfile\systemDictionary.cpp, liëøpüÅD)@
Event: 12.634 Thread 0x0000000017537800 Exception <a 'java/lang/ClassNotFoundException': ijinit151_b5l4g54ovqq5dilxki4kz6azf$_run_closure1Customizer> (0x00000000eb5075b0) thrown at [C:\re\workspace\8-2-build-windows-amd64-cygwin\jdk8u101\7261\hotspot\src\share\vm\classfile\systemDictionary.cpp, ˙Ë(ôÕk*@
Event: 13.211 Thread 0x0000000017537800 Exception <a 'java/lang/ClassNotFoundException': ijinit151_b5l4g54ovqq5dilxki4kz6azfBeanInfo> (0x00000000ec5102c8) thrown at [C:\re\workspace\8-2-build-windows-amd64-cygwin\jdk8u101\7261\hotspot\src\share\vm\classfile\systemDictionary.cpp, line 210]
Event: 13.211 Thread 0x0000000017537800 Exception <a 'java/lang/ClassNotFoundException': ijinit151_b5l4g54ovqq5dilxki4kz6azfCustomizer> (0x00000000ec5199c0) thrown at [C:\re\workspace\8-2-build-windows-amd64-cygwin\jdk8u101\7261\hotspot\src\share\vm\classfile\systemDictionary.cpp, line 210]
Event: 13.213 Thread 0x0000000017537800 Exception <a 'java/lang/ClassNotFoundException': java/lang/SystemBeanInfo> (0x00000000ec53bed0) thrown at [C:\re\workspace\8-2-build-windows-amd64-cygwin\jdk8u101\7261\hotspot\src\share\vm\classfile\systemDictionary.cpp, line 210]
Event: 13.213 Thread 0x0000000017537800 Exception <a 'java/lang/ClassNotFoundException': java/lang/SystemCustomizer> (0x00000000ec53eb00) thrown at [C:\re\workspace\8-2-build-windows-amd64-cygwin\jdk8u101\7261\hotspot\src\share\vm\classfile\systemDictionary.cpp, line 210]

Events (10 events):
Event: 13.215 loading class groovy/lang/GroovyRuntimeException
Event: 13.215 loading class groovy/lang/GroovyRuntimeException done
Event: 13.215 loading class org/jetbrains/plugins/gradle/tooling/internal/ExtraModelBuilder
Event: 13.215 loading class org/jetbrains/plugins/gradle/tooling/internal/ExtraModelBuilder done
Event: 13.217 loading class org/gradle/tooling/provider/model/ToolingModelBuilder
Event: 13.217 loading class org/gradle/tooling/provider/model/ToolingModelBuilder done
Event: 13.218 loading class groovy/runtime/metaclass/org/jetbrains/plugins/gradle/tooling/internal/ExtraModelBuilderMetaClass
Event: 13.218 loading class groovy/runtime/metaclass/org/jetbrains/plugins/gradle/tooling/internal/ExtraModelBuilderMetaClass done
Event: 13.218 loading class org/gradle/util/GradleVersion
Event: 13.218 loading class org/gradle/util/GradleVersion done


Dynamic libraries:
0x00007ff745ba0000 - 0x00007ff745bd7000 	C:\Program Files\Java\jdk1.8.0_101\bin\java.exe
0x00007ff8249f0000 - 0x00007ff824b9a000 	C:\Windows\SYSTEM32\ntdll.dll
0x00007ff823d70000 - 0x00007ff823eaa000 	C:\Windows\system32\KERNEL32.DLL
0x00007ff821e30000 - 0x00007ff821f3f000 	C:\Windows\system32\KERNELBASE.dll
0x00007ff81f690000 - 0x00007ff81f718000 	C:\Windows\system32\apphelp.dll
0x00007ff816040000 - 0x00007ff81608f000 	C:\Windows\AppPatch\AppPatch64\AcGenral.DLL
0x00007ff824300000 - 0x00007ff8243a7000 	C:\Windows\system32\msvcrt.dll
0x00007ff821c10000 - 0x00007ff821c3b000 	C:\Windows\SYSTEM32\SspiCli.dll
0x00007ff824920000 - 0x00007ff824971000 	C:\Windows\system32\SHLWAPI.dll
0x00007ff8240d0000 - 0x00007ff824241000 	C:\Windows\system32\USER32.dll
0x00007ff823980000 - 0x00007ff823af8000 	C:\Windows\system32\ole32.dll
0x00007ff8222d0000 - 0x00007ff8236e7000 	C:\Windows\system32\SHELL32.dll
0x00007ff8213f0000 - 0x00007ff82140e000 	C:\Windows\SYSTEM32\USERENV.dll
0x00007ff823b00000 - 0x00007ff823ba5000 	C:\Windows\system32\ADVAPI32.dll
0x00007ff81a020000 - 0x00007ff81a03b000 	C:\Windows\SYSTEM32\MPR.dll
0x00007ff8243b0000 - 0x00007ff8244e6000 	C:\Windows\system32\RPCRT4.dll
0x00007ff824980000 - 0x00007ff8249d7000 	C:\Windows\SYSTEM32\sechost.dll
0x00007ff8244f0000 - 0x00007ff8246c6000 	C:\Windows\SYSTEM32\combase.dll
0x00007ff823eb0000 - 0x00007ff823ff5000 	C:\Windows\system32\GDI32.dll
0x00007ff821d60000 - 0x00007ff821d74000 	C:\Windows\SYSTEM32\profapi.dll
0x00007ff8206d0000 - 0x00007ff82076f000 	C:\Windows\SYSTEM32\SHCORE.dll
0x00007ff823700000 - 0x00007ff823734000 	C:\Windows\system32\IMM32.DLL
0x00007ff8247d0000 - 0x00007ff824909000 	C:\Windows\system32\MSCTF.dll
0x00007ff8202a0000 - 0x00007ff8204fa000 	C:\Windows\WinSxS\amd64_microsoft.windows.common-controls_6595b64144ccf1df_6.0.9600.17031_none_6242a4b3ecbb55a1\COMCTL32.dll
0x0000000054070000 - 0x0000000054142000 	C:\Program Files\Java\jdk1.8.0_101\jre\bin\msvcr100.dll
0x0000000052810000 - 0x00000000530aa000 	C:\Program Files\Java\jdk1.8.0_101\jre\bin\server\jvm.dll
0x00007ff81cf70000 - 0x00007ff81cf79000 	C:\Windows\SYSTEM32\WSOCK32.dll
0x00007ff81ceb0000 - 0x00007ff81cecf000 	C:\Windows\SYSTEM32\WINMM.dll
0x00007ff81a570000 - 0x00007ff81a57a000 	C:\Windows\SYSTEM32\VERSION.dll
0x00007ff824910000 - 0x00007ff824917000 	C:\Windows\system32\PSAPI.DLL
0x00007ff822270000 - 0x00007ff8222c8000 	C:\Windows\system32\WS2_32.dll
0x00007ff81ce80000 - 0x00007ff81ceaa000 	C:\Windows\SYSTEM32\WINMMBASE.dll
0x00007ff824000000 - 0x00007ff824009000 	C:\Windows\system32\NSI.dll
0x00007ff822120000 - 0x00007ff82216a000 	C:\Windows\SYSTEM32\cfgmgr32.dll
0x00007ff820bf0000 - 0x00007ff820c16000 	C:\Windows\SYSTEM32\DEVOBJ.dll
0x0000000054060000 - 0x000000005406f000 	C:\Program Files\Java\jdk1.8.0_101\jre\bin\verify.dll
0x0000000054030000 - 0x0000000054059000 	C:\Program Files\Java\jdk1.8.0_101\jre\bin\java.dll
0x0000000054010000 - 0x0000000054026000 	C:\Program Files\Java\jdk1.8.0_101\jre\bin\zip.dll
0x0000000053ff0000 - 0x000000005400a000 	C:\Program Files\Java\jdk1.8.0_101\jre\bin\net.dll
0x00007ff821690000 - 0x00007ff8216e8000 	C:\Windows\system32\mswsock.dll
0x0000000053fd0000 - 0x0000000053fe1000 	C:\Program Files\Java\jdk1.8.0_101\jre\bin\nio.dll
0x00007ff81a130000 - 0x00007ff81a142000 	C:\Users\Ahlaam.Kazi\.gradle\native\19\windows-amd64\native-platform.dll
0x00007ff8216f0000 - 0x00007ff82170e000 	C:\Windows\SYSTEM32\CRYPTSP.dll
0x00007ff8212e0000 - 0x00007ff821315000 	C:\Windows\system32\rsaenh.dll
0x00007ff821920000 - 0x00007ff821946000 	C:\Windows\SYSTEM32\bcrypt.dll
0x00007ff821c40000 - 0x00007ff821ca0000 	C:\Windows\system32\bcryptprimitives.dll
0x00007ff821ca0000 - 0x00007ff821caa000 	C:\Windows\SYSTEM32\CRYPTBASE.dll
0x00007ff81c9c0000 - 0x00007ff81c9e9000 	C:\Windows\SYSTEM32\IPHLPAPI.DLL
0x00007ff81c990000 - 0x00007ff81c99a000 	C:\Windows\SYSTEM32\WINNSI.DLL
0x00007ff81c830000 - 0x00007ff81c844000 	C:\Windows\SYSTEM32\dhcpcsvc6.DLL
0x00007ff81c810000 - 0x00007ff81c829000 	C:\Windows\SYSTEM32\dhcpcsvc.DLL
0x0000000053fc0000 - 0x0000000053fcd000 	C:\Program Files\Java\jdk1.8.0_101\jre\bin\management.dll
0x00007ff813620000 - 0x00007ff8137a8000 	C:\Windows\SYSTEM32\dbghelp.dll

VM Arguments:
jvm_args: -XX:MaxPermSize=256m -XX:+HeapDumpOnOutOfMemoryError -Xmx1024m -Dfile.encoding=windows-1252 -Duser.country=US -Duser.language=en -Duser.variant 
java_command: org.gradle.launcher.daemon.bootstrap.GradleDaemon 2.14.1
java_class_path (initial): C:\Users\Ahlaam.Kazi\.gradle\wrapper\dists\gradle-2.14.1-all\8bnwg5hd3w55iofp58khbp6yv\gradle-2.14.1\lib\gradle-launcher-2.14.1.jar
Launcher Type: SUN_STANDARD

Environment Variables:
PATH=C:\Program Files (x86)\Common Files\Intermec\Dlls;C:\ProgramData\Oracle\Java\javapath;D:\app\BeerM\product\11.2.0\client_2\bin;D:\app\BeerM\product\11.2.0\client_1\bin;C:\Windows\system32;C:\Windows;C:\Windows\System32\Wbem;C:\Windows\System32\WindowsPowerShell\v1.0\;C:\Program Files (x86)\Microsoft SQL Server\100\Tools\Binn\;C:\Program Files\Microsoft SQL Server\100\Tools\Binn\;C:\Program Files\Microsoft SQL Server\100\DTS\Binn\;C:\Program Files (x86)\Skype\Phone\;C:\Program Files\dotnet\;C:\Program Files\Microsoft SQL Server\130\Tools\Binn\
USERNAME=ahlaam.kazi
OS=Windows_NT
PROCESSOR_IDENTIFIER=Intel64 Family 6 Model 61 Stepping 4, GenuineIntel



---------------  S Y S T E M  ---------------

OS: Windows 8.1 , 64 bit Build 9600 (6.3.9600.17056)

CPU:total 4 (2 cores per cpu, 2 threads per core) family 6 model 61 stepping 4, cmov, cx8, fxsr, mmx, sse, sse2, sse3, ssse3, sse4.1, sse4.2, popcnt, avx, avx2, aes, clmul, erms, 3dnowpref, lzcnt, ht, tsc, tscinvbit, bmi1, bmi2, adx

Memory: 4k page, physical 8277104k(3558220k free), swap 9587824k(3900260k free)

vm_info: Java HotSpot(TM) 64-Bit Server VM (25.101-b13) for windows-amd64 JRE (1.8.0_101-b13), built on Jun 22 2016 01:21:29 by "java_re" with MS VC++ 10.0 (VS2010)

time: Thu Apr 19 13:04:33 2018
elapsed time: 13 seconds (0d 0h 0m 13s)

