#
# A fatal error has been detected by the Java Runtime Environment:
#
#  EXCEPTION_ACCESS_VIOLATION (0xc0000005) at pc=0x0000000001d94aa4, pid=5944, tid=0x0000000000000754
#
# JRE version: Java(TM) SE Runtime Environment (8.0_101-b13) (build 1.8.0_101-b13)
# Java VM: Java HotSpot(TM) 64-Bit Server VM (25.101-b13 mixed mode windows-amd64 compressed oops)
# Problematic frame:
# j  com.sun.xml.internal.bind.v2.runtime.FilterTransducer.parse(Ljava/lang/CharSequence;)Ljava/lang/Object;+5
#
# Failed to write core dump. Minidumps are not enabled by default on client versions of Windows
#
# If you would like to submit a bug report, please visit:
#   http://bugreport.java.com/bugreport/crash.jsp
#

---------------  T H R E A D  ---------------

Current thread (0x00000000173ca000):  JavaThread "Daemon worker" [_thread_in_Java, id=1876, stack(0x0000000018b60000,0x0000000018c60000)]

siginfo: ExceptionCode=0xc0000005, reading address 0xffffffffffffffff

Registers:
RAX=0x0000000100555fd8, RBX=0x000000001d7e5468, RCX=0x00000000c1179ba8, RDX=0x0000000100557300
RSP=0x0000000018c5be50, RBP=0x0000000018c5bea8, RSI=0x00000000c11a9350, RDI=0x0000000100578728
R8 =0x00000000eb7bcfe8, R9 =0x00000000eb7bcfe8, R10=0x0000000055dec080, R11=0x0000000000000238
R12=0x0000000000000000, R13=0x0000000000000388, R14=0x0000000018c5bec0, R15=0x00000000173ca000
RIP=0x0000000001d94aa4, EFLAGS=0x0000000000010202

Top of Stack: (sp=0x0000000018c5be50)
0x0000000018c5be50:   0000000001d781b4 00000000eb7bcfe8
0x0000000018c5be60:   00000000c1179ba8 0000000018c5be68
0x0000000018c5be70:   000000001d87ab45 0000000018c5bec0
0x0000000018c5be80:   000000001d87ae40 0000000000000000
0x0000000018c5be90:   000000001d87ab78 0000000000000000
0x0000000018c5bea0:   0000000018c5bed0 0000000018c5bf80
0x0000000018c5beb0:   0000000002d296d4 00000000eb7bcfe8
0x0000000018c5bec0:   00000000c11a93a0 0000000002d296d4
0x0000000018c5bed0:   000000001de0ea40 00000000c01abb28
0x0000000018c5bee0:   000000001de11678 000000001deb11f0
0x0000000018c5bef0:   0000000018c5bff0 00000000c11a9350
0x0000000018c5bf00:   00000000eb87c5c8 0000000018c5bf78
0x0000000018c5bf10:   0000000018c5bf80 0000000001d7835d
0x0000000018c5bf20:   0000000001d7835d 00000000eb7bcfe8
0x0000000018c5bf30:   00000000eb87c5c8 00000000c11a9388
0x0000000018c5bf40:   0000000018c5bf40 000000001d8f71cc 

Instructions: (pc=0x0000000001d94aa4)
0x0000000001d94a84:   00 00 49 83 c5 10 49 8b 5d 00 48 3b c3 75 ea 45
0x0000000001d94a94:   8b 6d 08 4a 8b 1c 2a 48 85 db 0f 84 bf 01 00 00
0x0000000001d94aa4:   48 8b 55 e0 48 85 d2 0f 84 2f 01 00 00 80 7a d0
0x0000000001d94ab4:   0b 0f 85 25 01 00 00 48 83 c2 08 4c 8b 6a f8 41 


Register to memory mapping:

RAX=0x0000000100555fd8 is pointing into metadata
RBX={method} {0x000000001d7e5470} 'parse' '(Ljava/lang/CharSequence;)Ljava/lang/Object;' in 'com/sun/xml/internal/bind/v2/model/impl/RuntimeBuiltinLeafInfoImpl$StringImplImpl'
RCX=0x00000000c1179ba8 is an oop
com.sun.xml.internal.bind.v2.model.impl.RuntimeBuiltinLeafInfoImpl$StringImplImpl 
 - klass: 'com/sun/xml/internal/bind/v2/model/impl/RuntimeBuiltinLeafInfoImpl$StringImplImpl'
RDX=0x0000000100557300 is pointing into metadata
RSP=0x0000000018c5be50 is pointing into the stack for thread: 0x00000000173ca000
RBP=0x0000000018c5bea8 is pointing into the stack for thread: 0x00000000173ca000
RSI=0x00000000c11a9350 is an oop
com.sun.xml.internal.bind.v2.runtime.reflect.AdaptedAccessor 
 - klass: 'com/sun/xml/internal/bind/v2/runtime/reflect/AdaptedAccessor'
RDI=0x0000000100578728 is pointing into metadata
R8 =0x00000000eb7bcfe8 is an oop
java.lang.StringBuilder 
 - klass: 'java/lang/StringBuilder'
R9 =0x00000000eb7bcfe8 is an oop
java.lang.StringBuilder 
 - klass: 'java/lang/StringBuilder'
R10=0x0000000055dec080 is an unknown value
R11=0x0000000000000238 is an unknown value
R12=0x0000000000000000 is an unknown value
R13=0x0000000000000388 is an unknown value
R14=0x0000000018c5bec0 is pointing into the stack for thread: 0x00000000173ca000
R15=0x00000000173ca000 is a thread


Stack: [0x0000000018b60000,0x0000000018c60000],  sp=0x0000000018c5be50,  free space=1007k
Native frames: (J=compiled Java code, j=interpreted, Vv=VM code, C=native code)
C  0x0000000001d94aa4


---------------  P R O C E S S  ---------------

Java Threads: ( => current thread )
  0x000000001683e000 JavaThread "File lock request listener" [_thread_in_native, id=5180, stack(0x000000001a430000,0x000000001a530000)]
  0x00000000173d1000 JavaThread "Stdin handler" [_thread_blocked, id=1192, stack(0x0000000018d60000,0x0000000018e60000)]
  0x00000000173d0000 JavaThread "Asynchronous log dispatcher for org.gradle.launcher.daemon.server.DefaultDaemonConnection@abdebd9" [_thread_blocked, id=5280, stack(0x0000000018c60000,0x0000000018d60000)]
=>0x00000000173ca000 JavaThread "Daemon worker" [_thread_in_Java, id=1876, stack(0x0000000018b60000,0x0000000018c60000)]
  0x0000000017245800 JavaThread "Cancel handler" [_thread_blocked, id=3804, stack(0x0000000018a60000,0x0000000018b60000)]
  0x000000001722d000 JavaThread "Handler for socket connection from /127.0.0.1:53566 to /127.0.0.1:53567" [_thread_in_native, id=460, stack(0x0000000018960000,0x0000000018a60000)]
  0x00000000173bb000 JavaThread "Daemon" [_thread_blocked, id=820, stack(0x0000000018860000,0x0000000018960000)]
  0x0000000017097800 JavaThread "Incoming local TCP Connector on port 53566" [_thread_in_native, id=6852, stack(0x0000000018160000,0x0000000018260000)]
  0x000000001708c800 JavaThread "pool-1-thread-1" [_thread_blocked, id=1860, stack(0x0000000018060000,0x0000000018160000)]
  0x00000000144bc800 JavaThread "Service Thread" daemon [_thread_blocked, id=6932, stack(0x0000000016300000,0x0000000016400000)]
  0x000000001446f800 JavaThread "C1 CompilerThread2" daemon [_thread_blocked, id=5116, stack(0x0000000015e00000,0x0000000015f00000)]
  0x0000000014464800 JavaThread "C2 CompilerThread1" daemon [_thread_blocked, id=3556, stack(0x0000000015d00000,0x0000000015e00000)]
  0x000000001445d000 JavaThread "C2 CompilerThread0" daemon [_thread_blocked, id=892, stack(0x0000000015c00000,0x0000000015d00000)]
  0x000000001445b800 JavaThread "Attach Listener" daemon [_thread_blocked, id=4836, stack(0x0000000015b00000,0x0000000015c00000)]
  0x000000001445a800 JavaThread "Signal Dispatcher" daemon [_thread_blocked, id=6876, stack(0x0000000015a00000,0x0000000015b00000)]
  0x000000001444a000 JavaThread "Finalizer" daemon [_thread_blocked, id=1108, stack(0x00000000156c0000,0x00000000157c0000)]
  0x0000000014428800 JavaThread "Reference Handler" daemon [_thread_blocked, id=4396, stack(0x00000000155c0000,0x00000000156c0000)]
  0x000000000035e000 JavaThread "main" [_thread_blocked, id=5804, stack(0x0000000001b60000,0x0000000001c60000)]

Other Threads:
  0x0000000014426800 VMThread [stack: 0x00000000154c0000,0x00000000155c0000] [id=4036]
  0x0000000015f2b800 WatcherThread [stack: 0x0000000016400000,0x0000000016500000] [id=3036]

VM state:not at safepoint (normal execution)

VM Mutex/Monitor currently owned by a thread: None

Heap:
 PSYoungGen      total 51712K, used 16627K [0x00000000eab00000, 0x00000000efd80000, 0x0000000100000000)
  eden space 41984K, 34% used [0x00000000eab00000,0x00000000eb906f88,0x00000000ed400000)
  from space 9728K, 23% used [0x00000000ed400000,0x00000000ed635ef8,0x00000000edd80000)
  to   space 10240K, 0% used [0x00000000ef380000,0x00000000ef380000,0x00000000efd80000)
 ParOldGen       total 52224K, used 20839K [0x00000000c0000000, 0x00000000c3300000, 0x00000000eab00000)
  object space 52224K, 39% used [0x00000000c0000000,0x00000000c1459fc0,0x00000000c3300000)
 Metaspace       used 42654K, capacity 43566K, committed 44032K, reserved 1087488K
  class space    used 5818K, capacity 6024K, committed 6144K, reserved 1048576K

Card table byte_map: [0x0000000011130000,0x0000000011340000] byte_map_base: 0x0000000010b30000

Marking Bits: (ParMarkBitMap*) 0x0000000055e0a6d0
 Begin Bits: [0x00000000118a0000, 0x00000000128a0000)
 End Bits:   [0x00000000128a0000, 0x00000000138a0000)

Polling page: 0x0000000001b30000

CodeCache: size=245760Kb used=16745Kb max_used=16745Kb free=229014Kb
 bounds [0x0000000001d70000, 0x0000000002de0000, 0x0000000010d70000]
 total_blobs=5366 nmethods=4664 adapters=613
 compilation: enabled

Compilation events (10 events):
Event: 46.928 Thread 0x000000001446f800 4993       3       com.sun.org.apache.xerces.internal.util.IntStack::ensureCapacity (58 bytes)
Event: 46.929 Thread 0x000000001446f800 nmethod 4993 0x0000000002dccd10 code [0x0000000002dcce80, 0x0000000002dcd268]
Event: 46.929 Thread 0x000000001446f800 4994       3       com.sun.org.apache.xerces.internal.util.NamespaceSupport::getDeclaredPrefixAt (19 bytes)
Event: 46.929 Thread 0x000000001446f800 nmethod 4994 0x0000000002dcc890 code [0x0000000002dcca00, 0x0000000002dccbb0]
Event: 46.929 Thread 0x000000001446f800 4995       3       com.sun.org.apache.xerces.internal.utils.SecuritySupport$4::run (8 bytes)
Event: 46.929 Thread 0x000000001446f800 nmethod 4995 0x0000000002dcc150 code [0x0000000002dcc2e0, 0x0000000002dcc708]
Event: 46.929 Thread 0x000000001446f800 4996   !   3       com.sun.org.apache.xerces.internal.utils.SecuritySupport::readJAXPProperty (171 bytes)
Event: 46.931 Thread 0x000000001446f800 nmethod 4996 0x0000000002dd9010 code [0x0000000002dd93e0, 0x0000000002ddb588]
Event: 46.931 Thread 0x000000001446f800 4997       3       com.sun.org.apache.xerces.internal.utils.XMLSecurityManager::getLimit (10 bytes)
Event: 46.931 Thread 0x000000001446f800 nmethod 4997 0x0000000002dcbcd0 code [0x0000000002dcbe40, 0x0000000002dcc050]

GC Heap History (10 events):
Event: 45.377 GC heap before
{Heap before GC invocations=13 (full 1):
 PSYoungGen      total 34304K, used 20407K [0x00000000eab00000, 0x00000000edb00000, 0x0000000100000000)
  eden space 29696K, 53% used [0x00000000eab00000,0x00000000eba72488,0x00000000ec800000)
  from space 4608K, 99% used [0x00000000ec880000,0x00000000eccfb860,0x00000000ecd00000)
  to   space 9728K, 0% used [0x00000000ed180000,0x00000000ed180000,0x00000000edb00000)
 ParOldGen       total 46592K, used 11965K [0x00000000c0000000, 0x00000000c2d80000, 0x00000000eab00000)
  object space 46592K, 25% used [0x00000000c0000000,0x00000000c0baf568,0x00000000c2d80000)
 Metaspace       used 34574K, capacity 35262K, committed 35456K, reserved 1079296K
  class space    used 4769K, capacity 4977K, committed 4992K, reserved 1048576K
Event: 45.383 GC heap after
Heap after GC invocations=13 (full 1):
 PSYoungGen      total 38400K, used 3852K [0x00000000eab00000, 0x00000000eda80000, 0x0000000100000000)
  eden space 29184K, 0% used [0x00000000eab00000,0x00000000eab00000,0x00000000ec780000)
  from space 9216K, 41% used [0x00000000ed180000,0x00000000ed5432b0,0x00000000eda80000)
  to   space 9728K, 0% used [0x00000000ec780000,0x00000000ec780000,0x00000000ed100000)
 ParOldGen       total 46592K, used 12973K [0x00000000c0000000, 0x00000000c2d80000, 0x00000000eab00000)
  object space 46592K, 27% used [0x00000000c0000000,0x00000000c0cab568,0x00000000c2d80000)
 Metaspace       used 34574K, capacity 35262K, committed 35456K, reserved 1079296K
  class space    used 4769K, capacity 4977K, committed 4992K, reserved 1048576K
}
Event: 45.383 GC heap before
{Heap before GC invocations=14 (full 2):
 PSYoungGen      total 38400K, used 3852K [0x00000000eab00000, 0x00000000eda80000, 0x0000000100000000)
  eden space 29184K, 0% used [0x00000000eab00000,0x00000000eab00000,0x00000000ec780000)
  from space 9216K, 41% used [0x00000000ed180000,0x00000000ed5432b0,0x00000000eda80000)
  to   space 9728K, 0% used [0x00000000ec780000,0x00000000ec780000,0x00000000ed100000)
 ParOldGen       total 46592K, used 12973K [0x00000000c0000000, 0x00000000c2d80000, 0x00000000eab00000)
  object space 46592K, 27% used [0x00000000c0000000,0x00000000c0cab568,0x00000000c2d80000)
 Metaspace       used 34574K, capacity 35262K, committed 35456K, reserved 1079296K
  class space    used 4769K, capacity 4977K, committed 4992K, reserved 1048576K
Event: 45.474 GC heap after
Heap after GC invocations=14 (full 2):
 PSYoungGen      total 38400K, used 0K [0x00000000eab00000, 0x00000000eda80000, 0x0000000100000000)
  eden space 29184K, 0% used [0x00000000eab00000,0x00000000eab00000,0x00000000ec780000)
  from space 9216K, 0% used [0x00000000ed180000,0x00000000ed180000,0x00000000eda80000)
  to   space 9728K, 0% used [0x00000000ec780000,0x00000000ec780000,0x00000000ed100000)
 ParOldGen       total 52224K, used 15064K [0x00000000c0000000, 0x00000000c3300000, 0x00000000eab00000)
  object space 52224K, 28% used [0x00000000c0000000,0x00000000c0eb60a8,0x00000000c3300000)
 Metaspace       used 34574K, capacity 35262K, committed 35456K, reserved 1079296K
  class space    used 4769K, capacity 4977K, committed 4992K, reserved 1048576K
}
Event: 45.721 GC heap before
{Heap before GC invocations=15 (full 2):
 PSYoungGen      total 38400K, used 29184K [0x00000000eab00000, 0x00000000eda80000, 0x0000000100000000)
  eden space 29184K, 100% used [0x00000000eab00000,0x00000000ec780000,0x00000000ec780000)
  from space 9216K, 0% used [0x00000000ed180000,0x00000000ed180000,0x00000000eda80000)
  to   space 9728K, 0% used [0x00000000ec780000,0x00000000ec780000,0x00000000ed100000)
 ParOldGen       total 52224K, used 15064K [0x00000000c0000000, 0x00000000c3300000, 0x00000000eab00000)
  object space 52224K, 28% used [0x00000000c0000000,0x00000000c0eb60a8,0x00000000c3300000)
 Metaspace       used 36616K, capacity 37462K, committed 37760K, reserved 1081344K
  class space    used 5031K, capacity 5216K, committed 5248K, reserved 1048576K
Event: 45.726 GC heap after
Heap after GC invocations=15 (full 2):
 PSYoungGen      total 38912K, used 4555K [0x00000000eab00000, 0x00000000ee700000, 0x0000000100000000)
  eden space 29184K, 0% used [0x00000000eab00000,0x00000000eab00000,0x00000000ec780000)
  from space 9728K, 46% used [0x00000000ec780000,0x00000000ecbf2c48,0x00000000ed100000)
  to   space 9728K, 0% used [0x00000000edd80000,0x00000000edd80000,0x00000000ee700000)
 ParOldGen       total 52224K, used 15072K [0x00000000c0000000, 0x00000000c3300000, 0x00000000eab00000)
  object space 52224K, 28% used [0x00000000c0000000,0x00000000c0eb80a8,0x00000000c3300000)
 Metaspace       used 36616K, capacity 37462K, committed 37760K, reserved 1081344K
  class space    used 5031K, capacity 5216K, committed 5248K, reserved 1048576K
}
Event: 46.415 GC heap before
{Heap before GC invocations=16 (full 2):
 PSYoungGen      total 38912K, used 33739K [0x00000000eab00000, 0x00000000ee700000, 0x0000000100000000)
  eden space 29184K, 100% used [0x00000000eab00000,0x00000000ec780000,0x00000000ec780000)
  from space 9728K, 46% used [0x00000000ec780000,0x00000000ecbf2c48,0x00000000ed100000)
  to   space 9728K, 0% used [0x00000000edd80000,0x00000000edd80000,0x00000000ee700000)
 ParOldGen       total 52224K, used 15072K [0x00000000c0000000, 0x00000000c3300000, 0x00000000eab00000)
  object space 52224K, 28% used [0x00000000c0000000,0x00000000c0eb80a8,0x00000000c3300000)
 Metaspace       used 42124K, capacity 43036K, committed 43392K, reserved 1087488K
  class space    used 5795K, capacity 6011K, committed 6016K, reserved 1048576K
Event: 46.431 GC heap after
Heap after GC invocations=16 (full 2):
 PSYoungGen      total 51712K, used 6810K [0x00000000eab00000, 0x00000000ee880000, 0x0000000100000000)
  eden space 41984K, 0% used [0x00000000eab00000,0x00000000eab00000,0x00000000ed400000)
  from space 9728K, 70% used [0x00000000edd80000,0x00000000ee426880,0x00000000ee700000)
  to   space 9728K, 0% used [0x00000000ed400000,0x00000000ed400000,0x00000000edd80000)
 ParOldGen       total 52224K, used 15080K [0x00000000c0000000, 0x00000000c3300000, 0x00000000eab00000)
  object space 52224K, 28% used [0x00000000c0000000,0x00000000c0eba0a8,0x00000000c3300000)
 Metaspace       used 42124K, capacity 43036K, committed 43392K, reserved 1087488K
  class space    used 5795K, capacity 6011K, committed 6016K, reserved 1048576K
}
Event: 46.839 GC heap before
{Heap before GC invocations=17 (full 2):
 PSYoungGen      total 51712K, used 48794K [0x00000000eab00000, 0x00000000ee880000, 0x0000000100000000)
  eden space 41984K, 100% used [0x00000000eab00000,0x00000000ed400000,0x00000000ed400000)
  from space 9728K, 70% used [0x00000000edd80000,0x00000000ee426880,0x00000000ee700000)
  to   space 9728K, 0% used [0x00000000ed400000,0x00000000ed400000,0x00000000edd80000)
 ParOldGen       total 52224K, used 15080K [0x00000000c0000000, 0x00000000c3300000, 0x00000000eab00000)
  object space 52224K, 28% used [0x00000000c0000000,0x00000000c0eba0a8,0x00000000c3300000)
 Metaspace       used 42580K, capacity 43496K, committed 43776K, reserved 1087488K
  class space    used 5817K, capacity 6023K, committed 6144K, reserved 1048576K
Event: 46.857 GC heap after
Heap after GC invocations=17 (full 2):
 PSYoungGen      total 51712K, used 2263K [0x00000000eab00000, 0x00000000efd80000, 0x0000000100000000)
  eden space 41984K, 0% used [0x00000000eab00000,0x00000000eab00000,0x00000000ed400000)
  from space 9728K, 23% used [0x00000000ed400000,0x00000000ed635ef8,0x00000000edd80000)
  to   space 10240K, 0% used [0x00000000ef380000,0x00000000ef380000,0x00000000efd80000)
 ParOldGen       total 52224K, used 20839K [0x00000000c0000000, 0x00000000c3300000, 0x00000000eab00000)
  object space 52224K, 39% used [0x00000000c0000000,0x00000000c1459fc0,0x00000000c3300000)
 Metaspace       used 42580K, capacity 43496K, committed 43776K, reserved 1087488K
  class space    used 5817K, capacity 6023K, committed 6144K, reserved 1048576K
}

Deoptimization events (10 events):
Event: 45.601 Thread 0x00000000173ca000 Uncommon trap: reason=unstable_if action=reinterpret pc=0x0000000002b825b0 method=java.util.jar.JarFile.getInputStream(Ljava/util/zip/ZipEntry;)Ljava/io/InputStream; @ 37
Event: 45.602 Thread 0x00000000173ca000 Uncommon trap: reason=unstable_if action=reinterpret pc=0x00000000024c62ac method=java.security.CodeSource.getCertificates()[Ljava/security/cert/Certificate; @ 22
Event: 45.615 Thread 0x00000000173ca000 Uncommon trap: reason=unstable_if action=reinterpret pc=0x00000000027b87c0 method=java.util.LinkedHashMap.get(Ljava/lang/Object;)Ljava/lang/Object; @ 20
Event: 45.753 Thread 0x00000000173ca000 Uncommon trap: reason=unstable_if action=reinterpret pc=0x0000000002626610 method=java.util.WeakHashMap.eq(Ljava/lang/Object;Ljava/lang/Object;)Z @ 10
Event: 46.136 Thread 0x00000000173ca000 Uncommon trap: reason=unstable_if action=reinterpret pc=0x00000000023160f8 method=sun.misc.MetaIndex.mayContain(Ljava/lang/String;)Z @ 38
Event: 46.137 Thread 0x00000000173ca000 Uncommon trap: reason=unstable_if action=reinterpret pc=0x000000000230f7bc method=sun.misc.MetaIndex.mayContain(Ljava/lang/String;)Z @ 38
Event: 46.314 Thread 0x00000000173ca000 Uncommon trap: reason=unstable_if action=reinterpret pc=0x0000000002568dc4 method=java.util.WeakHashMap.remove(Ljava/lang/Object;)Ljava/lang/Object; @ 94
Event: 46.432 Thread 0x00000000173ca000 Uncommon trap: reason=unstable_if action=reinterpret pc=0x00000000029275ac method=java.util.regex.Matcher.find()Z @ 10
Event: 46.439 Thread 0x00000000173ca000 Uncommon trap: reason=unstable_if action=reinterpret pc=0x000000000279da88 method=java.lang.CharacterDataLatin1.digit(II)I @ 31
Event: 46.456 Thread 0x00000000173ca000 Uncommon trap: reason=unstable_if action=reinterpret pc=0x00000000026d3c68 method=java.lang.CharacterDataLatin1.digit(II)I @ 31

Internal exceptions (10 events):
Event: 46.811 Thread 0x00000000173ca000 Exception <a 'sun/nio/fs/WindowsException'> (0x00000000ed21eda0) thrown at [C:\re\workspace\8-2-build-windows-amd64-cygwin\jdk8u101\7261\hotspot\src\share\vm\prims\jni.cpp, line 709]
Event: 46.811 Thread 0x00000000173ca000 Exception <a 'sun/nio/fs/WindowsException'> (0x00000000ed21f860) thrown at [C:\re\workspace\8-2-build-windows-amd64-cygwin\jdk8u101\7261\hotspot\src\share\vm\prims\jni.cpp, line 709]
Event: 46.812 Thread 0x00000000173ca000 Exception <a 'sun/nio/fs/WindowsException'> (0x00000000ed223a10) thrown at [C:\re\workspace\8-2-build-windows-amd64-cygwin\jdk8u101\7261\hotspot\src\share\vm\prims\jni.cpp, line 709]
Event: 46.812 Thread 0x00000000173ca000 Exception <a 'sun/nio/fs/WindowsException'> (0x00000000ed2244c0) thrown at [C:\re\workspace\8-2-build-windows-amd64-cygwin\jdk8u101\7261\hotspot\src\share\vm\prims\jni.cpp, line 709]
Event: 46.812 Thread 0x00000000173ca000 Exception <a 'sun/nio/fs/WindowsException'> (0x00000000ed225be8) thrown at [C:\re\workspace\8-2-build-windows-amd64-cygwin\jdk8u101\7261\hotspot\src\share\vm\prims\jni.cpp, line 709]
Event: 46.812 Thread 0x00000000173ca000 Exception <a 'sun/nio/fs/WindowsException'> (0x00000000ed2266d0) thrown at [C:\re\workspace\8-2-build-windows-amd64-cygwin\jdk8u101\7261\hotspot\src\share\vm\prims\jni.cpp, line 709]
Event: 46.813 Thread 0x00000000173ca000 Exception <a 'sun/nio/fs/WindowsException'> (0x00000000ed22a798) thrown at [C:\re\workspace\8-2-build-windows-amd64-cygwin\jdk8u101\7261\hotspot\src\share\vm\prims\jni.cpp, line 709]
Event: 46.813 Thread 0x00000000173ca000 Exception <a 'sun/nio/fs/WindowsException'> (0x00000000ed22b108) thrown at [C:\re\workspace\8-2-build-windows-amd64-cygwin\jdk8u101\7261\hotspot\src\share\vm\prims\jni.cpp, line 709]
Event: 46.813 Thread 0x00000000173ca000 Exception <a 'sun/nio/fs/WindowsException'> (0x00000000ed22c6f0) thrown at [C:\re\workspace\8-2-build-windows-amd64-cygwin\jdk8u101\7261\hotspot\src\share\vm\prims\jni.cpp, line 709]
Event: 46.813 Thread 0x00000000173ca000 Exception <a 'sun/nio/fs/WindowsException'> (0x00000000ed22d098) thrown at [C:\re\workspace\8-2-build-windows-amd64-cygwin\jdk8u101\7261\hotspot\src\share\vm\prims\jni.cpp, line 709]

Events (10 events):
Event: 46.776 loading class com/android/sdklib/repository/legacy/remote/internal/ITaskMonitor
Event: 46.776 loading class com/android/sdklib/repository/legacy/remote/internal/ITaskMonitor done
Event: 46.776 loading class com/android/sdklib/repository/AndroidSdkHandler$1
Event: 46.776 loading class com/android/sdklib/repository/AndroidSdkHandler$1 done
Event: 46.819 Thread 0x00000000173ca000 DEOPT PACKING pc=0x00000000022dc052 sp=0x0000000018c5bba0
Event: 46.819 Thread 0x00000000173ca000 DEOPT UNPACKING pc=0x0000000001db787f sp=0x0000000018c5b928 mode 0
Event: 46.839 Executing VM operation: ParallelGCFailedAllocation
Event: 46.857 Executing VM operation: ParallelGCFailedAllocation done
Event: 46.857 Executing VM operation: RevokeBias
Event: 46.857 Executing VM operation: RevokeBias done


Dynamic libraries:
0x00007ff7d3830000 - 0x00007ff7d3867000 	C:\Program Files\Java\jdk1.8.0_101\bin\java.exe
0x00007ff9d41d0000 - 0x00007ff9d437a000 	C:\Windows\SYSTEM32\ntdll.dll
0x00007ff9d1cf0000 - 0x00007ff9d1e2a000 	C:\Windows\system32\KERNEL32.DLL
0x00007ff9d1610000 - 0x00007ff9d171f000 	C:\Windows\system32\KERNELBASE.dll
0x00007ff9cf730000 - 0x00007ff9cf7b8000 	C:\Windows\system32\apphelp.dll
0x00007ff9c8820000 - 0x00007ff9c886f000 	C:\Windows\AppPatch\AppPatch64\AcGenral.DLL
0x00007ff9d2570000 - 0x00007ff9d2617000 	C:\Windows\system32\msvcrt.dll
0x00007ff9d13f0000 - 0x00007ff9d141b000 	C:\Windows\SYSTEM32\SspiCli.dll
0x00007ff9d2620000 - 0x00007ff9d2671000 	C:\Windows\system32\SHLWAPI.dll
0x00007ff9d4040000 - 0x00007ff9d41b1000 	C:\Windows\system32\USER32.dll
0x00007ff9d1b70000 - 0x00007ff9d1ce8000 	C:\Windows\system32\ole32.dll
0x00007ff9d2880000 - 0x00007ff9d3c97000 	C:\Windows\system32\SHELL32.dll
0x00007ff9d0b40000 - 0x00007ff9d0b5e000 	C:\Windows\SYSTEM32\USERENV.dll
0x00007ff9d2210000 - 0x00007ff9d22b5000 	C:\Windows\system32\ADVAPI32.dll
0x00007ff9c7e40000 - 0x00007ff9c7e5b000 	C:\Windows\SYSTEM32\MPR.dll
0x00007ff9d2680000 - 0x00007ff9d27b6000 	C:\Windows\system32\RPCRT4.dll
0x00007ff9d1fd0000 - 0x00007ff9d2027000 	C:\Windows\SYSTEM32\sechost.dll
0x00007ff9d22c0000 - 0x00007ff9d2496000 	C:\Windows\SYSTEM32\combase.dll
0x00007ff9d3d40000 - 0x00007ff9d3e85000 	C:\Windows\system32\GDI32.dll
0x00007ff9d1540000 - 0x00007ff9d1554000 	C:\Windows\SYSTEM32\profapi.dll
0x00007ff9d0360000 - 0x00007ff9d03ff000 	C:\Windows\SYSTEM32\SHCORE.dll
0x00007ff9d1b30000 - 0x00007ff9d1b64000 	C:\Windows\system32\IMM32.DLL
0x00007ff9d3e90000 - 0x00007ff9d3fc9000 	C:\Windows\system32\MSCTF.dll
0x00007ff9d08c0000 - 0x00007ff9d0b1a000 	C:\Windows\WinSxS\amd64_microsoft.windows.common-controls_6595b64144ccf1df_6.0.9600.17031_none_6242a4b3ecbb55a1\COMCTL32.dll
0x0000000055e90000 - 0x0000000055f62000 	C:\Program Files\Java\jdk1.8.0_101\jre\bin\msvcr100.dll
0x00000000555f0000 - 0x0000000055e8a000 	C:\Program Files\Java\jdk1.8.0_101\jre\bin\server\jvm.dll
0x00007ff9cf000000 - 0x00007ff9cf009000 	C:\Windows\SYSTEM32\WSOCK32.dll
0x00007ff9cf070000 - 0x00007ff9cf08f000 	C:\Windows\SYSTEM32\WINMM.dll
0x00007ff9ca010000 - 0x00007ff9ca01a000 	C:\Windows\SYSTEM32\VERSION.dll
0x00007ff9d1a70000 - 0x00007ff9d1a77000 	C:\Windows\system32\PSAPI.DLL
0x00007ff9d27c0000 - 0x00007ff9d2818000 	C:\Windows\system32\WS2_32.dll
0x00007ff9cef50000 - 0x00007ff9cef7a000 	C:\Windows\SYSTEM32\WINMMBASE.dll
0x00007ff9d2560000 - 0x00007ff9d2569000 	C:\Windows\system32\NSI.dll
0x00007ff9d1720000 - 0x00007ff9d176a000 	C:\Windows\SYSTEM32\cfgmgr32.dll
0x00007ff9cf980000 - 0x00007ff9cf9a6000 	C:\Windows\SYSTEM32\DEVOBJ.dll
0x0000000056d40000 - 0x0000000056d4f000 	C:\Program Files\Java\jdk1.8.0_101\jre\bin\verify.dll
0x00000000555c0000 - 0x00000000555e9000 	C:\Program Files\Java\jdk1.8.0_101\jre\bin\java.dll
0x00000000555a0000 - 0x00000000555b6000 	C:\Program Files\Java\jdk1.8.0_101\jre\bin\zip.dll
0x0000000055580000 - 0x000000005559a000 	C:\Program Files\Java\jdk1.8.0_101\jre\bin\net.dll
0x00007ff9d0de0000 - 0x00007ff9d0e38000 	C:\Windows\system32\mswsock.dll
0x0000000055560000 - 0x0000000055571000 	C:\Program Files\Java\jdk1.8.0_101\jre\bin\nio.dll
0x00007ff9cea80000 - 0x00007ff9cea92000 	C:\Users\Ahlaam.Kazi\.gradle\native\19\windows-amd64\native-platform.dll
0x00007ff9d0e40000 - 0x00007ff9d0e5e000 	C:\Windows\SYSTEM32\CRYPTSP.dll
0x00007ff9d07d0000 - 0x00007ff9d0805000 	C:\Windows\system32\rsaenh.dll
0x00007ff9d1100000 - 0x00007ff9d1126000 	C:\Windows\SYSTEM32\bcrypt.dll
0x00007ff9d1420000 - 0x00007ff9d1480000 	C:\Windows\system32\bcryptprimitives.dll
0x00007ff9d1480000 - 0x00007ff9d148a000 	C:\Windows\SYSTEM32\CRYPTBASE.dll
0x00007ff9cc0b0000 - 0x00007ff9cc0d9000 	C:\Windows\SYSTEM32\IPHLPAPI.DLL
0x00007ff9cc0a0000 - 0x00007ff9cc0aa000 	C:\Windows\SYSTEM32\WINNSI.DLL
0x00007ff9cbf70000 - 0x00007ff9cbf84000 	C:\Windows\SYSTEM32\dhcpcsvc6.DLL
0x00007ff9cbf50000 - 0x00007ff9cbf69000 	C:\Windows\SYSTEM32\dhcpcsvc.DLL
0x0000000056d30000 - 0x0000000056d3d000 	C:\Program Files\Java\jdk1.8.0_101\jre\bin\management.dll
0x00007ff9c64e0000 - 0x00007ff9c6668000 	C:\Windows\SYSTEM32\dbghelp.dll

VM Arguments:
jvm_args: -XX:MaxPermSize=256m -XX:+HeapDumpOnOutOfMemoryError -Xmx1024m -Dfile.encoding=windows-1252 -Duser.country=US -Duser.language=en -Duser.variant 
java_command: org.gradle.launcher.daemon.bootstrap.GradleDaemon 2.14.1
java_class_path (initial): C:\Users\Ahlaam.Kazi\.gradle\wrapper\dists\gradle-2.14.1-all\8bnwg5hd3w55iofp58khbp6yv\gradle-2.14.1\lib\gradle-launcher-2.14.1.jar
Launcher Type: SUN_STANDARD

Environment Variables:
PATH=C:\ProgramData\Oracle\Java\javapath;D:\app\BeerM\product\11.2.0\client_2\bin;D:\app\BeerM\product\11.2.0\client_1\bin;C:\Windows\system32;C:\Windows;C:\Windows\System32\Wbem;C:\Windows\System32\WindowsPowerShell\v1.0\;C:\Program Files (x86)\Microsoft SQL Server\100\Tools\Binn\;C:\Program Files\Microsoft SQL Server\100\Tools\Binn\;C:\Program Files\Microsoft SQL Server\100\DTS\Binn\;C:\Program Files (x86)\Skype\Phone\
USERNAME=ahlaam.kazi
OS=Windows_NT
PROCESSOR_IDENTIFIER=Intel64 Family 6 Model 61 Stepping 4, GenuineIntel



---------------  S Y S T E M  ---------------

OS: Windows 8.1 , 64 bit Build 9600 (6.3.9600.17056)

CPU:total 4 (2 cores per cpu, 2 threads per core) family 6 model 61 stepping 4, cmov, cx8, fxsr, mmx, sse, sse2, sse3, ssse3, sse4.1, sse4.2, popcnt, avx, avx2, aes, clmul, erms, 3dnowpref, lzcnt, ht, tsc, tscinvbit, bmi1, bmi2, adx

Memory: 4k page, physical 8277104k(3178300k free), swap 16665712k(11163748k free)

vm_info: Java HotSpot(TM) 64-Bit Server VM (25.101-b13) for windows-amd64 JRE (1.8.0_101-b13), built on Jun 22 2016 01:21:29 by "java_re" with MS VC++ 10.0 (VS2010)

time: Sat Jun 17 10:11:22 2017
elapsed time: 47 seconds (0d 0h 0m 47s)

